<?xml version="1.0" encoding="UTF-8"?>
<!-- Generated by org.testng.reporters.JUnitReportReporter -->
<testsuite skipped="0" hostname="LAPTOP-Q18VUQ5U" name="tests.HomeTests" tests="1" failures="0" timestamp="14 Jan 2020 13:01:13 GMT" time="1.121" errors="0">
  <testcase name="ui_verification" time="1.121" classname="tests.HomeTests"/>
</testsuite> <!-- tests.HomeTests -->
