<?xml version="1.0" encoding="UTF-8"?>
<!-- Generated by org.testng.reporters.JUnitReportReporter -->
<testsuite hostname="LAPTOP-Q18VUQ5U" name="tests.CamapignUIVerificationTest" tests="3" failures="0" timestamp="14 Apr 2020 12:15:52 GMT" time="97.267" errors="0">
  <testcase name="allColumnsDisplayed" time="78.058" classname="tests.CamapignUIVerificationTest"/>
  <testcase name="defaultColumnsDisplayed" time="10.020" classname="tests.CamapignUIVerificationTest"/>
  <testcase name="CampaignAndTrackingNumberPage_UI_Verification" time="9.189" classname="tests.CamapignUIVerificationTest"/>
</testsuite> <!-- tests.CamapignUIVerificationTest -->
