<?xml version="1.0" encoding="UTF-8"?>
<!-- Generated by org.testng.reporters.JUnitReportReporter -->
<testsuite hostname="LAPTOP-Q18VUQ5U" name="tests.CampaignTests" tests="15" failures="0" timestamp="11 Mar 2020 12:47:53 GMT" time="153.440" errors="0">
  <testcase name="updateCampaignWithFutureStartDateAndFutureEndDate" time="13.841" classname="tests.CampaignTests"/>
  <testcase name="createCampaignWithFutureStartDateAndFutureEndDate" time="14.131" classname="tests.CampaignTests"/>
  <testcase name="campaign_updation_Without_externalID" time="16.231" classname="tests.CampaignTests"/>
  <testcase name="campaign_Creation_With_externalID" time="13.980" classname="tests.CampaignTests"/>
  <testcase name="campaign_deletion_With_externalID" time="5.165" classname="tests.CampaignTests"/>
  <testcase name="campaign_deletion_Without_externalID" time="5.060" classname="tests.CampaignTests"/>
  <testcase name="defaultCampaignOwnerValidation" time="6.652" classname="tests.CampaignTests"/>
  <testcase name="campaign_deletion_With_futureStartDate" time="5.066" classname="tests.CampaignTests"/>
  <testcase name="campaign_Creation_Without_externalID" time="12.119" classname="tests.CampaignTests"/>
  <testcase name="campaign_updation_With_externalID" time="12.380" classname="tests.CampaignTests"/>
  <testcase name="createCampaignWithPastTime" time="9.236" classname="tests.CampaignTests"/>
  <testcase name="createCampaignWithFutureStartDateAndNeverEndDate" time="13.700" classname="tests.CampaignTests"/>
  <testcase name="campaignBuilderPage_UI_Verification" time="8.130" classname="tests.CampaignTests"/>
  <testcase name="updateCampaignWithFutureStartDateAndNeverEndDate" time="12.870" classname="tests.CampaignTests"/>
  <testcase name="campaign_deletion_With_futureStartDateAndFutureEndDate" time="4.879" classname="tests.CampaignTests"/>
</testsuite> <!-- tests.CampaignTests -->
