<?xml version="1.0" encoding="UTF-8"?>
<!-- Generated by org.testng.reporters.JUnitReportReporter -->
<testsuite hostname="LAPTOP-Q18VUQ5U" name="reservenumber.ReserveNumber"
	tests="1" failures="0" timestamp="25 Feb 2020 12:53:08 GMT" time="28.418"
	errors="0">
	<testcase name="makeNumberReseve" time="28.418"
		classname="reservenumber.ReserveNumber" />
</testsuite> <!-- reservenumber.ReserveNumber -->
