<?xml version="1.0" encoding="UTF-8"?>
<!-- Generated by org.testng.reporters.JUnitReportReporter -->
<testsuite hostname="LAPTOP-Q18VUQ5U" name="tests.CampaignTests" tests="15" failures="0" timestamp="13 Feb 2020 09:15:44 GMT" time="136.246" errors="0">
  <testcase name="createCampaignWithFutureStartDateAndNeverEndDate" time="12.377" classname="tests.CampaignTests"/>
  <testcase name="updateCampaignWithFutureStartDateAndFutureEndDate" time="12.247" classname="tests.CampaignTests"/>
  <testcase name="campaign_updation_Without_externalID" time="12.923" classname="tests.CampaignTests"/>
  <testcase name="campaign_Creation_Without_externalID" time="11.600" classname="tests.CampaignTests"/>
  <testcase name="campaign_updation_With_externalID" time="11.152" classname="tests.CampaignTests"/>
  <testcase name="campaignBuilderPage_UI_Verification" time="6.995" classname="tests.CampaignTests"/>
  <testcase name="updateCampaignWithFutureStartDateAndNeverEndDate" time="11.594" classname="tests.CampaignTests"/>
  <testcase name="campaign_deletion_With_futureStartDateAndFutureEndDate" time="4.098" classname="tests.CampaignTests"/>
  <testcase name="campaign_deletion_With_futureStartDate" time="4.207" classname="tests.CampaignTests"/>
  <testcase name="defaultCampaignOwnerValidation" time="6.077" classname="tests.CampaignTests"/>
  <testcase name="createCampaignWithPastTime" time="8.696" classname="tests.CampaignTests"/>
  <testcase name="campaign_deletion_Without_externalID" time="4.202" classname="tests.CampaignTests"/>
  <testcase name="createCampaignWithFutureStartDateAndFutureEndDate" time="13.102" classname="tests.CampaignTests"/>
  <testcase name="campaign_Creation_With_externalID" time="12.841" classname="tests.CampaignTests"/>
  <testcase name="campaign_deletion_With_externalID" time="4.135" classname="tests.CampaignTests"/>
</testsuite> <!-- tests.CampaignTests -->
