<?xml version="1.0" encoding="UTF-8"?>
<!-- Generated by org.testng.reporters.JUnitReportReporter -->
<testsuite hostname="LAPTOP-Q18VUQ5U" name="tests.HomeTest" tests="2" failures="0" timestamp="18 Feb 2020 14:14:28 GMT" time="17.412" errors="0">
  <testcase name="ui_verification" time="9.912" classname="tests.HomeTest"/>
  <testcase name="tiles_count_verification_UI" time="7.500" classname="tests.HomeTest"/>
</testsuite> <!-- tests.HomeTest -->
