<?xml version="1.0" encoding="UTF-8"?>
<!-- Generated by org.testng.reporters.JUnitReportReporter -->
<testsuite hostname="LAPTOP-Q18VUQ5U" name="tests.HomeTest" tests="2" failures="0" timestamp="13 Feb 2020 16:26:14 GMT" time="16.606" errors="0">
  <testcase name="ui_verification" time="9.243" classname="tests.HomeTest"/>
  <testcase name="tiles_count_verification_UI" time="7.363" classname="tests.HomeTest"/>
</testsuite> <!-- tests.HomeTest -->
