<?xml version="1.0" encoding="UTF-8"?>
<!-- Generated by org.testng.reporters.JUnitReportReporter -->
<testsuite hostname="LAPTOP-Q18VUQ5U" name="tests.TrackingNumberTest" tests="6" failures="0" timestamp="24 Feb 2020 16:12:24 GMT" time="323.391" errors="0">
  <testcase name="simpleTrakingNumberCreation" time="85.892" classname="tests.TrackingNumberTest"/>
  <testcase name="simpleTrakingNumberDeletion" time="5.780" classname="tests.TrackingNumberTest"/>
  <testcase name="numberPoolUpdation" time="129.731" classname="tests.TrackingNumberTest"/>
  <testcase name="numberPoolCreation" time="87.819" classname="tests.TrackingNumberTest"/>
  <testcase name="simpleTrakingNumberUpdation" time="8.086" classname="tests.TrackingNumberTest"/>
  <testcase name="numberPoolDeletion" time="6.083" classname="tests.TrackingNumberTest"/>
</testsuite> <!-- tests.TrackingNumberTest -->
