<?xml version="1.0" encoding="UTF-8"?>
<!-- Generated by org.testng.reporters.JUnitReportReporter -->
<testsuite hostname="LAPTOP-Q18VUQ5U" name="tests.CamapignUIVerificationTest" tests="1" failures="0" timestamp="20 Jan 2020 09:24:44 GMT" time="9.506" errors="0">
  <testcase name="CampaignAndTrackingNumberPage_UI_Verification" time="9.506" classname="tests.CamapignUIVerificationTest"/>
</testsuite> <!-- tests.CamapignUIVerificationTest -->
