<?xml version="1.0" encoding="UTF-8"?>
<!-- Generated by org.testng.reporters.JUnitReportReporter -->
<testsuite hostname="LAPTOP-Q18VUQ5U" name="tests.CamapignUIVerificationTest" tests="1" failures="0" timestamp="21 Jan 2020 08:50:51 GMT" time="10.844" errors="0">
  <testcase name="CampaignAndTrackingNumberPage_UI_Verification" time="10.844" classname="tests.CamapignUIVerificationTest"/>
</testsuite> <!-- tests.CamapignUIVerificationTest -->
