<?xml version="1.0" encoding="UTF-8"?>
<!-- Generated by org.testng.reporters.JUnitReportReporter -->
<testsuite hostname="LAPTOP-Q18VUQ5U" name="tests.CampaignTests"
	tests="15" failures="0" timestamp="14 Apr 2020 12:15:52 GMT" time="255.352"
	errors="0">
	<testcase name="campaignCreationWithFutureStartDateAndNeverEndDate"
		time="12.298" classname="tests.CampaignTests" />
	<testcase name="campaign_deletion_With_futureStartDateAndFutureEndDate"
		time="5.572" classname="tests.CampaignTests" />
	<testcase name="campaign_Creation_With_externalID" time="11.516"
		classname="tests.CampaignTests" />
	<testcase name="campaignUpdationWithFutureStartDateAndFutureEndDate"
		time="42.214" classname="tests.CampaignTests" />
	<testcase name="campaignBuilderPage_UI_Verification" time="7.210"
		classname="tests.CampaignTests" />
	<testcase name="campaign_Creation_Without_externalID" time="8.297"
		classname="tests.CampaignTests" />
	<testcase name="campaignCreationWithFutureStartDateAndFutureEndDate"
		time="12.600" classname="tests.CampaignTests" />
	<testcase name="campaign_updation_With_externalID" time="40.681"
		classname="tests.CampaignTests" />
	<testcase name="campaign_deletion_Without_externalID" time="6.883"
		classname="tests.CampaignTests" />
	<testcase name="campaign_deletion_With_externalID" time="5.752"
		classname="tests.CampaignTests" />
	<testcase name="campaign_deletion_With_futureStartDate" time="5.680"
		classname="tests.CampaignTests" />
	<testcase name="campaignUpdationWithFutureStartDateAndNeverEndDate"
		time="41.173" classname="tests.CampaignTests" />
	<testcase name="campaignCreationWithPastTime" time="8.683"
		classname="tests.CampaignTests" />
	<testcase name="campaignDefaultOwnerValidation" time="7.483"
		classname="tests.CampaignTests" />
	<testcase name="campaign_updation_Without_externalID" time="39.310"
		classname="tests.CampaignTests" />
</testsuite> <!-- tests.CampaignTests -->
