<?xml version="1.0" encoding="UTF-8"?>
<!-- Generated by org.testng.reporters.JUnitReportReporter -->
<testsuite hostname="LAPTOP-Q18VUQ5U" name="tests.CamapignUIVerificationTest" tests="3" failures="0" timestamp="13 Mar 2020 13:23:46 GMT" time="81.311" errors="0">
  <testcase name="defaultColumnsDisplayed" time="8.020" classname="tests.CamapignUIVerificationTest"/>
  <testcase name="CampaignAndTrackingNumberPage_UI_Verification" time="7.787" classname="tests.CamapignUIVerificationTest"/>
  <testcase name="allColumnsDisplayed" time="65.504" classname="tests.CamapignUIVerificationTest"/>
</testsuite> <!-- tests.CamapignUIVerificationTest -->
