<?xml version="1.0" encoding="UTF-8"?>
<!-- Generated by org.testng.reporters.JUnitReportReporter -->
<testsuite hostname="LAPTOP-Q18VUQ5U" name="tests.CamapignUIVerificationTest" tests="3" failures="0" timestamp="20 Feb 2020 11:54:46 GMT" time="92.639" errors="0">
  <testcase name="defaultColumnsDisplayed" time="9.240" classname="tests.CamapignUIVerificationTest"/>
  <testcase name="allColumnsDisplayed" time="75.113" classname="tests.CamapignUIVerificationTest"/>
  <testcase name="CampaignAndTrackingNumberPage_UI_Verification" time="8.286" classname="tests.CamapignUIVerificationTest"/>
</testsuite> <!-- tests.CamapignUIVerificationTest -->
