<?xml version="1.0" encoding="UTF-8"?>
<!-- Generated by org.testng.reporters.JUnitReportReporter -->
<testsuite hostname="LAPTOP-Q18VUQ5U" name="tests.TrackingNumberTest" tests="9" failures="0" timestamp="26 Feb 2020 15:59:57 GMT" time="435.913" errors="0">
  <testcase name="numberPoolUpdation" time="117.356" classname="tests.TrackingNumberTest"/>
  <testcase name="reserveNumberDeletion" time="5.957" classname="tests.TrackingNumberTest"/>
  <testcase name="simpleTrakingNumberUpdation" time="8.894" classname="tests.TrackingNumberTest"/>
  <testcase name="numberPoolDeletion" time="5.582" classname="tests.TrackingNumberTest"/>
  <testcase name="simpleTrakingNumberDeletion" time="5.846" classname="tests.TrackingNumberTest"/>
  <testcase name="numberPoolCreation" time="92.433" classname="tests.TrackingNumberTest"/>
  <testcase name="simpleTrakingNumberCreation" time="93.869" classname="tests.TrackingNumberTest"/>
  <testcase name="reserveNumberCreation" time="42.284" classname="tests.TrackingNumberTest"/>
  <testcase name="reserveNumberUpdation" time="63.692" classname="tests.TrackingNumberTest"/>
</testsuite> <!-- tests.TrackingNumberTest -->
