<?xml version="1.0" encoding="UTF-8"?>
<!-- Generated by org.testng.reporters.JUnitReportReporter -->
<testsuite hostname="LAPTOP-Q18VUQ5U" name="tests.CampaignTests" tests="14" failures="0" timestamp="20 Jan 2020 09:24:44 GMT" time="148.888" errors="0">
  <testcase name="campaign_Creation_With_externalID" time="13.758" classname="tests.CampaignTests"/>
  <testcase name="campaign_deletion_With_futureStartDate" time="3.991" classname="tests.CampaignTests"/>
  <testcase name="campaign_updation_Without_externalID" time="14.049" classname="tests.CampaignTests"/>
  <testcase name="campaign_updation_With_externalID" time="14.735" classname="tests.CampaignTests"/>
  <testcase name="updateCampaignWithFutureStartDateAndFutureEndDate" time="15.205" classname="tests.CampaignTests"/>
  <testcase name="campaign_deletion_With_futureStartDateAndFutureEndDate" time="5.244" classname="tests.CampaignTests"/>
  <testcase name="campaign_Creation_Without_externalID" time="13.711" classname="tests.CampaignTests"/>
  <testcase name="updateCampaignWithFutureStartDateAndNeverEndDate" time="14.852" classname="tests.CampaignTests"/>
  <testcase name="createCampaignWithFutureStartDateAndNeverEndDate" time="14.550" classname="tests.CampaignTests"/>
  <testcase name="campaign_deletion_With_externalID" time="5.662" classname="tests.CampaignTests"/>
  <testcase name="createCampaignWithFutureStartDateAndFutureEndDate" time="14.160" classname="tests.CampaignTests"/>
  <testcase name="createCampaignWithPastTime" time="8.298" classname="tests.CampaignTests"/>
  <testcase name="campaign_deletion_Without_externalID" time="3.884" classname="tests.CampaignTests"/>
  <testcase name="campaignBuilderPage_UI_Verification" time="6.789" classname="tests.CampaignTests"/>
</testsuite> <!-- tests.CampaignTests -->
