<?xml version="1.0" encoding="UTF-8"?>
<!-- Generated by org.testng.reporters.JUnitReportReporter -->
<testsuite hostname="LAPTOP-Q18VUQ5U" name="tests.CallDetailReportTest" tests="30" failures="0" timestamp="27 Mar 2020 07:35:01 GMT" time="600.256" errors="0">
  <testcase name="tagSectionUIVerification" time="0.533" classname="tests.CallDetailReportTest"/>
  <testcase name="basicFilterForAdSource" time="7.965" classname="tests.CallDetailReportTest"/>
  <testcase name="advancedFilterForDuration" time="3.716" classname="tests.CallDetailReportTest"/>
  <testcase name="commentSectionUIVerification" time="0.508" classname="tests.CallDetailReportTest"/>
  <testcase name="audioPlayerOpen" time="0.728" classname="tests.CallDetailReportTest"/>
  <testcase name="paginationCount" time="1.529" classname="tests.CallDetailReportTest"/>
  <testcase name="dateRangeFilterForToday" time="186.477" classname="tests.CallDetailReportTest"/>
  <testcase name="columnPickerFeature" time="25.688" classname="tests.CallDetailReportTest"/>
  <testcase name="paginationUI" time="0.180" classname="tests.CallDetailReportTest"/>
  <testcase name="basicFilterForTrackingNumber" time="4.369" classname="tests.CallDetailReportTest"/>
  <testcase name="advancedFilterForLineType" time="6.999" classname="tests.CallDetailReportTest"/>
  <testcase name="basicFilterForDisposition" time="5.651" classname="tests.CallDetailReportTest"/>
  <testcase name="advancedFilterUI" time="26.565" classname="tests.CallDetailReportTest"/>
  <testcase name="dateRangeFilterForLast30days" time="132.734" classname="tests.CallDetailReportTest"/>
  <testcase name="uiVerification" time="5.735" classname="tests.CallDetailReportTest"/>
  <testcase name="advancedFilterForGroupName" time="5.942" classname="tests.CallDetailReportTest"/>
  <testcase name="dateRangeFilterForLast7days" time="126.905" classname="tests.CallDetailReportTest"/>
  <testcase name="defaultColumnPickerOptions" time="14.422" classname="tests.CallDetailReportTest"/>
  <testcase name="advancedFilterForCallerID" time="4.245" classname="tests.CallDetailReportTest"/>
  <testcase name="infoSectionUIVerification" time="0.800" classname="tests.CallDetailReportTest"/>
  <testcase name="basicFilterForCaller_ID" time="3.808" classname="tests.CallDetailReportTest"/>
  <testcase name="emailCallSectionUIVerification" time="1.884" classname="tests.CallDetailReportTest"/>
  <testcase name="emailCallFeature" time="6.137" classname="tests.CallDetailReportTest"/>
  <testcase name="defaultColumnsDisplayed" time="5.158" classname="tests.CallDetailReportTest"/>
  <testcase name="allColumnPickerCheckboxesClickable" time="1.918" classname="tests.CallDetailReportTest"/>
  <testcase name="tableCount" time="1.228" classname="tests.CallDetailReportTest"/>
  <testcase name="informationTagOpen" time="0.671" classname="tests.CallDetailReportTest"/>
  <testcase name="basicFilterForDuration" time="4.325" classname="tests.CallDetailReportTest"/>
  <testcase name="dateRangeFilterForYesterday" time="5.899" classname="tests.CallDetailReportTest"/>
  <testcase name="basicFilterForGroupName" time="7.537" classname="tests.CallDetailReportTest"/>
</testsuite> <!-- tests.CallDetailReportTest -->
