<?xml version="1.0" encoding="UTF-8"?>
<!-- Generated by org.testng.reporters.JUnitReportReporter -->
<testsuite hostname="LAPTOP-Q18VUQ5U" name="tests.TrackingNumberTest" tests="1" failures="0" timestamp="17 Feb 2020 12:44:31 GMT" time="95.946" errors="0">
  <testcase name="trakingNumberCreation" time="95.946" classname="tests.TrackingNumberTest"/>
</testsuite> <!-- tests.TrackingNumberTest -->
