<?xml version="1.0" encoding="UTF-8"?>
<!-- Generated by org.testng.reporters.JUnitReportReporter -->
<testsuite skipped="0" hostname="LAPTOP-Q18VUQ5U" name="tests.HomeTest" tests="2" failures="0" timestamp="17 Jan 2020 09:30:35 GMT" time="51.924" errors="0">
  <testcase name="ui_verification" time="44.922" classname="tests.HomeTest"/>
  <testcase name="count_verification_UI" time="7.002" classname="tests.HomeTest"/>
</testsuite> <!-- tests.HomeTest -->
