<?xml version="1.0" encoding="UTF-8"?>
<!-- Generated by org.testng.reporters.JUnitReportReporter -->
<testsuite hostname="LAPTOP-Q18VUQ5U" name="tests.LoginTest" tests="12" failures="0" timestamp="11 Mar 2020 12:47:53 GMT" time="20.896" errors="0">
  <testcase name="login_with_blank_password" time="0.493" classname="tests.LoginTest"/>
  <testcase name="login_with_blank_username" time="0.461" classname="tests.LoginTest"/>
  <testcase name="validLogin" time="1.836" classname="tests.LoginTest"/>
  <testcase name="reset_password" time="1.238" classname="tests.LoginTest"/>
  <testcase name="rememeber_me_functinonality" time="6.778" classname="tests.LoginTest"/>
  <testcase name="login_with_invalidate_cred" time="2.306" classname="tests.LoginTest"/>
  <testcase name="next_button_with_no_email_ID" time="0.570" classname="tests.LoginTest"/>
  <testcase name="login_with_inactive_user" time="0.642" classname="tests.LoginTest"/>
  <testcase name="login_with_deleted_user" time="0.627" classname="tests.LoginTest"/>
  <testcase name="login_with_blank_username_and_password" time="0.258" classname="tests.LoginTest"/>
  <testcase name="login_page_UI_Verification" time="1.726" classname="tests.LoginTest"/>
  <testcase name="UIVerification_forgot_passowrd_page" time="3.961" classname="tests.LoginTest"/>
</testsuite> <!-- tests.LoginTest -->
