<?xml version="1.0" encoding="UTF-8"?>
<!-- Generated by org.testng.reporters.JUnitReportReporter -->
<testsuite hostname="LAPTOP-Q18VUQ5U" name="tests.CampaignTests" tests="15" failures="0" timestamp="27 Mar 2020 07:35:01 GMT" time="315.012" errors="0">
  <testcase name="createCampaignWithFutureStartDateAndNeverEndDate" time="18.883" classname="tests.CampaignTests"/>
  <testcase name="createCampaignWithFutureStartDateAndFutureEndDate" time="18.224" classname="tests.CampaignTests"/>
  <testcase name="updateCampaignWithFutureStartDateAndFutureEndDate" time="48.952" classname="tests.CampaignTests"/>
  <testcase name="campaign_updation_With_externalID" time="45.255" classname="tests.CampaignTests"/>
  <testcase name="campaignBuilderPage_UI_Verification" time="10.214" classname="tests.CampaignTests"/>
  <testcase name="campaign_deletion_With_futureStartDateAndFutureEndDate" time="3.905" classname="tests.CampaignTests"/>
  <testcase name="campaign_deletion_Without_externalID" time="3.782" classname="tests.CampaignTests"/>
  <testcase name="defaultCampaignOwnerValidation" time="7.519" classname="tests.CampaignTests"/>
  <testcase name="campaign_updation_Without_externalID" time="52.562" classname="tests.CampaignTests"/>
  <testcase name="campaign_deletion_With_externalID" time="3.843" classname="tests.CampaignTests"/>
  <testcase name="campaign_deletion_With_futureStartDate" time="13.056" classname="tests.CampaignTests"/>
  <testcase name="campaign_Creation_With_externalID" time="18.020" classname="tests.CampaignTests"/>
  <testcase name="updateCampaignWithFutureStartDateAndNeverEndDate" time="47.762" classname="tests.CampaignTests"/>
  <testcase name="campaign_Creation_Without_externalID" time="14.329" classname="tests.CampaignTests"/>
  <testcase name="createCampaignWithPastTime" time="8.706" classname="tests.CampaignTests"/>
</testsuite> <!-- tests.CampaignTests -->
