<?xml version="1.0" encoding="UTF-8"?>
<!-- Generated by org.testng.reporters.JUnitReportReporter -->
<testsuite hostname="LAPTOP-Q18VUQ5U" name="tests.LookerCallerActivityReportTest" tests="10" failures="0" timestamp="1 Jul 2020 09:08:33 GMT" time="17.256" errors="0">
  <testcase name="topCallersTimeLineTableColumnVerification" time="10.340" classname="tests.LookerCallerActivityReportTest"/>
  <testcase name="presenceOfTimeZoneVerification" time="0.074" classname="tests.LookerCallerActivityReportTest"/>
  <testcase name="presenceOfTopCallersTimeLineGraphVerification" time="0.085" classname="tests.LookerCallerActivityReportTest"/>
  <testcase name="filterButtonTest" time="0.148" classname="tests.LookerCallerActivityReportTest"/>
  <testcase name="filterButtonElementsTest" time="3.566" classname="tests.LookerCallerActivityReportTest"/>
  <testcase name="gearIconOptionsVerification" time="2.602" classname="tests.LookerCallerActivityReportTest"/>
  <testcase name="runButtonVerification" time="0.221" classname="tests.LookerCallerActivityReportTest"/>
  <testcase name="presenceOfGearIconVerification" time="0.077" classname="tests.LookerCallerActivityReportTest"/>
  <testcase name="headerLabelVerification" time="0.074" classname="tests.LookerCallerActivityReportTest"/>
  <testcase name="presenceOfTopCallersTimeLineLabelVerification" time="0.069" classname="tests.LookerCallerActivityReportTest"/>
</testsuite> <!-- tests.LookerCallerActivityReportTest -->
