<?xml version="1.0" encoding="UTF-8"?>
<!-- Generated by org.testng.reporters.JUnitReportReporter -->
<testsuite hostname="LAPTOP-Q18VUQ5U" name="tests.CamapignUIVerificationTest" tests="3" failures="0" timestamp="18 Feb 2020 14:14:28 GMT" time="84.445" errors="0">
  <testcase name="defaultColumnsDisplayed" time="8.359" classname="tests.CamapignUIVerificationTest"/>
  <testcase name="allColumnsDisplayed" time="68.632" classname="tests.CamapignUIVerificationTest"/>
  <testcase name="CampaignAndTrackingNumberPage_UI_Verification" time="7.454" classname="tests.CamapignUIVerificationTest"/>
</testsuite> <!-- tests.CamapignUIVerificationTest -->
