<?xml version="1.0" encoding="UTF-8"?>
<!-- Generated by org.testng.reporters.JUnitReportReporter -->
<testsuite skipped="0" hostname="LAPTOP-Q18VUQ5U" name="tests.CamapignUIVerificationTest" tests="1" failures="0" timestamp="02 Jan 2020 10:18:34 GMT" time="8.627" errors="0">
  <testcase name="CampaignAndTrackingNumberPage_UI_Verification" time="8.627" classname="tests.CamapignUIVerificationTest"/>
</testsuite> <!-- tests.CamapignUIVerificationTest -->
