<?xml version="1.0" encoding="UTF-8"?>
<!-- Generated by org.testng.reporters.JUnitReportReporter -->
<testsuite hostname="LAPTOP-Q18VUQ5U" name="tests.TrackingNumberTest" tests="24" failures="0" timestamp="14 Apr 2020 12:15:52 GMT" time="1457.990" errors="0">
  <testcase name="IVRDeletion" time="7.429" classname="tests.TrackingNumberTest"/>
  <testcase name="outboundTrakingNumberCreation" time="78.422" classname="tests.TrackingNumberTest"/>
  <testcase name="numberPoolUpdation" time="8.283" classname="tests.TrackingNumberTest"/>
  <testcase name="numberPoolCreation" time="106.074" classname="tests.TrackingNumberTest"/>
  <testcase name="IVRCreation" time="470.819" classname="tests.TrackingNumberTest"/>
  <testcase name="simpleTrakingNumberCreation" time="86.590" classname="tests.TrackingNumberTest"/>
  <testcase name="scheduleTrakingNumberCreation" time="86.996" classname="tests.TrackingNumberTest"/>
  <testcase name="GeoRouteTrakingNumberCreation" time="85.517" classname="tests.TrackingNumberTest"/>
  <testcase name="percentTrakingNumberDeletion" time="7.158" classname="tests.TrackingNumberTest"/>
  <testcase name="voicemailTrakingNumberCreation" time="75.581" classname="tests.TrackingNumberTest"/>
  <testcase name="outboundTrakingNumberDeletion" time="7.201" classname="tests.TrackingNumberTest"/>
  <testcase name="reserveNumberUpdation" time="7.908" classname="tests.TrackingNumberTest"/>
  <testcase name="percentTrakingNumberCreation" time="86.249" classname="tests.TrackingNumberTest"/>
  <testcase name="simpleTrakingNumberDeletion" time="7.154" classname="tests.TrackingNumberTest"/>
  <testcase name="scheduleTrakingNumberDeletion" time="7.188" classname="tests.TrackingNumberTest"/>
  <testcase name="reserveNumberCreation" time="24.252" classname="tests.TrackingNumberTest"/>
  <testcase name="hangupTrakingNumberCreation" time="77.450" classname="tests.TrackingNumberTest"/>
  <testcase name="trakingNumberPageUIVerification" time="180.801" classname="tests.TrackingNumberTest"/>
  <testcase name="reserveNumberDeletion" time="6.895" classname="tests.TrackingNumberTest"/>
  <testcase name="GeoRouteTrakingNumberDeletion" time="6.947" classname="tests.TrackingNumberTest"/>
  <testcase name="simpleTrakingNumberUpdation" time="8.335" classname="tests.TrackingNumberTest"/>
  <testcase name="voicemailTrakingNumberDeletion" time="8.817" classname="tests.TrackingNumberTest"/>
  <testcase name="hangupTrakingNumberDeletion" time="7.257" classname="tests.TrackingNumberTest"/>
  <testcase name="numberPoolDeletion" time="8.667" classname="tests.TrackingNumberTest"/>
</testsuite> <!-- tests.TrackingNumberTest -->
