<?xml version="1.0" encoding="UTF-8"?>
<!-- Generated by org.testng.reporters.JUnitReportReporter -->
<testsuite skipped="0" hostname="LAPTOP-Q18VUQ5U" name="tests.CampaignTests" tests="3" failures="0" timestamp="07 Nov 2019 16:15:11 GMT" time="39.846" errors="0">
  <testcase name="test1" time="11.195" classname="tests.CampaignTests"/>
  <testcase name="test2" time="6.247" classname="tests.CampaignTests"/>
  <testcase name="test3" time="22.404" classname="tests.CampaignTests"/>
</testsuite> <!-- tests.CampaignTests -->
