<?xml version="1.0" encoding="UTF-8"?>
<!-- Generated by org.testng.reporters.JUnitReportReporter -->
<testsuite hostname="LAPTOP-Q18VUQ5U" name="tests.CamapignUIVerificationTest" tests="3" failures="0" timestamp="13 Feb 2020 09:15:44 GMT" time="76.644" errors="0">
  <testcase name="allColumnsDisplayed" time="62.382" classname="tests.CamapignUIVerificationTest"/>
  <testcase name="defaultColumnsDisplayed" time="7.655" classname="tests.CamapignUIVerificationTest"/>
  <testcase name="CampaignAndTrackingNumberPage_UI_Verification" time="6.607" classname="tests.CamapignUIVerificationTest"/>
</testsuite> <!-- tests.CamapignUIVerificationTest -->
