<?xml version="1.0" encoding="UTF-8"?>
<!-- Generated by org.testng.reporters.JUnitReportReporter -->
<testsuite hostname="LAPTOP-Q18VUQ5U" name="tests.CamapignUIVerificationTest" tests="3" failures="0" timestamp="10 Feb 2020 15:45:11 GMT" time="193.381" errors="1">
  <testcase name="CampaignAndTrackingNumberPage_UI_Verification" time="8.921" classname="tests.CamapignUIVerificationTest"/>
  <testcase name="defaultTrackingNumberColumnLabels" time="13.099" classname="tests.CamapignUIVerificationTest"/>
  <testcase name="allTrackingNumberColumnLabels" time="171.361" classname="tests.CamapignUIVerificationTest">
    <error type="java.lang.NullPointerException">
      <![CDATA[java.lang.NullPointerException
	at pom.CampaignAndTrackingNumberPage.selectAllColumnPickerOptions(CampaignAndTrackingNumberPage.java:547)
	at tests.CamapignUIVerificationTest.allTrackingNumberColumnLabels(CamapignUIVerificationTest.java:85)
	at sun.reflect.NativeMethodAccessorImpl.invoke0(Native Method)
	at sun.reflect.NativeMethodAccessorImpl.invoke(Unknown Source)
	at sun.reflect.DelegatingMethodAccessorImpl.invoke(Unknown Source)
	at java.lang.reflect.Method.invoke(Unknown Source)
	at org.testng.internal.MethodInvocationHelper.invokeMethod(MethodInvocationHelper.java:86)
	at org.testng.internal.Invoker.invokeMethod(Invoker.java:643)
	at org.testng.internal.Invoker.invokeTestMethod(Invoker.java:820)
	at org.testng.internal.Invoker.invokeTestMethods(Invoker.java:1128)
	at org.testng.internal.TestMethodWorker.invokeTestMethods(TestMethodWorker.java:129)
	at org.testng.internal.TestMethodWorker.run(TestMethodWorker.java:112)
	at org.testng.TestRunner.privateRun(TestRunner.java:782)
	at org.testng.TestRunner.run(TestRunner.java:632)
	at org.testng.SuiteRunner.runTest(SuiteRunner.java:366)
	at org.testng.SuiteRunner.access$000(SuiteRunner.java:39)
	at org.testng.SuiteRunner$SuiteWorker.run(SuiteRunner.java:400)
	at org.testng.internal.thread.ThreadUtil$2.call(ThreadUtil.java:64)
	at java.util.concurrent.FutureTask.run(Unknown Source)
	at java.util.concurrent.ThreadPoolExecutor.runWorker(Unknown Source)
	at java.util.concurrent.ThreadPoolExecutor$Worker.run(Unknown Source)
	at java.lang.Thread.run(Unknown Source)
]]>
    </error>
  </testcase> <!-- allTrackingNumberColumnLabels -->
</testsuite> <!-- tests.CamapignUIVerificationTest -->
