<?xml version="1.0" encoding="UTF-8"?>
<!-- Generated by org.testng.reporters.JUnitReportReporter -->
<testsuite hostname="LAPTOP-Q18VUQ5U" name="tests.TrackingNumberTest" tests="2" failures="0" timestamp="2 Mar 2020 15:12:39 GMT" time="96.965" errors="0">
  <testcase name="percentTrakingNumberCreation" time="90.406" classname="tests.TrackingNumberTest"/>
  <testcase name="percentTrakingNumberDeletion" time="6.559" classname="tests.TrackingNumberTest"/>
</testsuite> <!-- tests.TrackingNumberTest -->
