<?xml version="1.0" encoding="UTF-8"?>
<!-- Generated by org.testng.reporters.JUnitReportReporter -->
<testsuite hostname="LAPTOP-Q18VUQ5U" name="tests.GroupActivityReportTest" tests="27" failures="1" timestamp="14 Apr 2020 12:15:52 GMT" time="182.876" errors="0">
  <testcase name="secondaryGroupingFeatureForNone" time="9.148" classname="tests.GroupActivityReportTest"/>
  <testcase name="defaultColumnsDisplayed" time="2.195" classname="tests.GroupActivityReportTest"/>
  <testcase name="uiVerification" time="3.763" classname="tests.GroupActivityReportTest"/>
  <testcase name="advancedFilterForGroupName" time="4.016" classname="tests.GroupActivityReportTest"/>
  <testcase name="paginationToolboxUIVerification" time="0.069" classname="tests.GroupActivityReportTest"/>
  <testcase name="advancedFilterUI" time="6.712" classname="tests.GroupActivityReportTest"/>
  <testcase name="tableCountVerification" time="1.186" classname="tests.GroupActivityReportTest"/>
  <testcase name="basicFilterForGroupName" time="8.168" classname="tests.GroupActivityReportTest"/>
  <testcase name="secondaryGroupingFeatureForCampaignColumn" time="13.098" classname="tests.GroupActivityReportTest"/>
  <testcase name="advancedFilterForConversion" time="10.980" classname="tests.GroupActivityReportTest"/>
  <testcase name="paginationCountVerification" time="0.064" classname="tests.GroupActivityReportTest"/>
  <testcase name="defaultSecondaryGroupingOption" time="12.655" classname="tests.GroupActivityReportTest"/>
  <testcase name="dateRangeFilterForLast30Days" time="2.609" classname="tests.GroupActivityReportTest"/>
  <testcase name="secondaryGroupingFeatureForCampaign" time="14.291" classname="tests.GroupActivityReportTest"/>
  <testcase name="secondaryGroupingFeatureForTrackingumberColumn" time="12.914" classname="tests.GroupActivityReportTest"/>
  <testcase name="secondaryGroupingFeatureForTrackingNumber" time="15.046" classname="tests.GroupActivityReportTest"/>
  <testcase name="dateRangeFilterUIVerification" time="2.990" classname="tests.GroupActivityReportTest"/>
  <testcase name="dateRangeFilterForLast7Days" time="2.607" classname="tests.GroupActivityReportTest"/>
  <testcase name="secondaryGroupingOptions" time="0.369" classname="tests.GroupActivityReportTest"/>
  <testcase name="advancedFilterForLeads" time="10.601" classname="tests.GroupActivityReportTest"/>
  <testcase name="advancedFilterForCalls" time="11.587" classname="tests.GroupActivityReportTest"/>
  <testcase name="tileCountVerification" time="16.081" classname="tests.GroupActivityReportTest">
    <failure type="java.lang.AssertionError" message="The following asserts failed:
	total_call_count_from_ui is not matching with db expected [true] but found [false]">
      <![CDATA[java.lang.AssertionError: The following asserts failed:
	total_call_count_from_ui is not matching with db expected [true] but found [false]
	at org.testng.asserts.SoftAssert.assertAll(SoftAssert.java:43)
	at pom.GroupActivityReportsPage.tileCountVerification(GroupActivityReportsPage.java:429)
	at tests.GroupActivityReportTest.tileCountVerification(GroupActivityReportTest.java:66)
	at sun.reflect.NativeMethodAccessorImpl.invoke0(Native Method)
	at sun.reflect.NativeMethodAccessorImpl.invoke(Unknown Source)
	at sun.reflect.DelegatingMethodAccessorImpl.invoke(Unknown Source)
	at java.lang.reflect.Method.invoke(Unknown Source)
	at org.testng.internal.MethodInvocationHelper.invokeMethod(MethodInvocationHelper.java:86)
	at org.testng.internal.Invoker.invokeMethod(Invoker.java:643)
	at org.testng.internal.Invoker.invokeTestMethod(Invoker.java:820)
	at org.testng.internal.Invoker.invokeTestMethods(Invoker.java:1128)
	at org.testng.internal.TestMethodWorker.invokeTestMethods(TestMethodWorker.java:129)
	at org.testng.internal.TestMethodWorker.run(TestMethodWorker.java:112)
	at org.testng.TestRunner.privateRun(TestRunner.java:782)
	at org.testng.TestRunner.run(TestRunner.java:632)
	at org.testng.SuiteRunner.runTest(SuiteRunner.java:366)
	at org.testng.SuiteRunner.access$000(SuiteRunner.java:39)
	at org.testng.SuiteRunner$SuiteWorker.run(SuiteRunner.java:400)
	at org.testng.internal.thread.ThreadUtil$2.call(ThreadUtil.java:64)
	at java.util.concurrent.FutureTask.run(Unknown Source)
	at java.util.concurrent.ThreadPoolExecutor.runWorker(Unknown Source)
	at java.util.concurrent.ThreadPoolExecutor$Worker.run(Unknown Source)
	at java.lang.Thread.run(Unknown Source)
]]>
    </failure>
  </testcase> <!-- tileCountVerification -->
  <testcase name="advancedFilterForAnweredCalls" time="9.742" classname="tests.GroupActivityReportTest"/>
  <testcase name="dateRangeFilterForToday" time="2.724" classname="tests.GroupActivityReportTest"/>
  <testcase name="allColumnPickerCheckboxesClickable" time="1.248" classname="tests.GroupActivityReportTest"/>
  <testcase name="defaultColumnPickerOptions" time="5.192" classname="tests.GroupActivityReportTest"/>
  <testcase name="dateRangeFilterForYesterday" time="2.821" classname="tests.GroupActivityReportTest"/>
</testsuite> <!-- tests.GroupActivityReportTest -->
