<?xml version="1.0" encoding="UTF-8"?>
<!-- Generated by org.testng.reporters.JUnitReportReporter -->
<testsuite hostname="LAPTOP-Q18VUQ5U" name="tests.GroupActivityReportTest" tests="27" failures="0" timestamp="9 Apr 2020 12:49:42 GMT" time="147.931" errors="0">
  <testcase name="uiVerification" time="3.713" classname="tests.GroupActivityReportTest"/>
  <testcase name="dateRangeFilterForLast7Days" time="2.089" classname="tests.GroupActivityReportTest"/>
  <testcase name="advancedFilterForCalls" time="6.451" classname="tests.GroupActivityReportTest"/>
  <testcase name="secondaryGroupingFeatureForCampaignColumn" time="11.405" classname="tests.GroupActivityReportTest"/>
  <testcase name="dateRangeFilterForToday" time="2.483" classname="tests.GroupActivityReportTest"/>
  <testcase name="paginationCountVerification" time="0.127" classname="tests.GroupActivityReportTest"/>
  <testcase name="dateRangeFilterUIVerification" time="3.913" classname="tests.GroupActivityReportTest"/>
  <testcase name="defaultColumnsDisplayed" time="2.846" classname="tests.GroupActivityReportTest"/>
  <testcase name="secondaryGroupingFeatureForTrackingNumber" time="17.947" classname="tests.GroupActivityReportTest"/>
  <testcase name="tableCountVerification" time="1.342" classname="tests.GroupActivityReportTest"/>
  <testcase name="advancedFilterUI" time="8.025" classname="tests.GroupActivityReportTest"/>
  <testcase name="secondaryGroupingFeatureForTrackingumberColumn" time="11.604" classname="tests.GroupActivityReportTest"/>
  <testcase name="paginationToolboxUIVerification" time="0.081" classname="tests.GroupActivityReportTest"/>
  <testcase name="advancedFilterForAnweredCalls" time="5.368" classname="tests.GroupActivityReportTest"/>
  <testcase name="secondaryGroupingOptions" time="0.483" classname="tests.GroupActivityReportTest"/>
  <testcase name="secondaryGroupingFeatureForNone" time="9.568" classname="tests.GroupActivityReportTest"/>
  <testcase name="advancedFilterForGroupName" time="4.231" classname="tests.GroupActivityReportTest"/>
  <testcase name="dateRangeFilterForYesterday" time="2.205" classname="tests.GroupActivityReportTest"/>
  <testcase name="advancedFilterForLeads" time="6.070" classname="tests.GroupActivityReportTest"/>
  <testcase name="allColumnPickerCheckboxesClickable" time="2.134" classname="tests.GroupActivityReportTest"/>
  <testcase name="secondaryGroupingFeatureForCampaign" time="14.103" classname="tests.GroupActivityReportTest"/>
  <testcase name="basicFilterForGroupName" time="8.596" classname="tests.GroupActivityReportTest"/>
  <testcase name="tileCountVerification" time="7.577" classname="tests.GroupActivityReportTest"/>
  <testcase name="defaultSecondaryGroupingOption" time="0.273" classname="tests.GroupActivityReportTest"/>
  <testcase name="defaultColumnPickerOptions" time="7.282" classname="tests.GroupActivityReportTest"/>
  <testcase name="advancedFilterForConversion" time="5.885" classname="tests.GroupActivityReportTest"/>
  <testcase name="dateRangeFilterForLast30Days" time="2.130" classname="tests.GroupActivityReportTest"/>
</testsuite> <!-- tests.GroupActivityReportTest -->
