<?xml version="1.0" encoding="UTF-8"?>
<!-- Generated by org.testng.reporters.JUnitReportReporter -->
<testsuite hostname="LAPTOP-Q18VUQ5U" name="tests.LoginTest" tests="12" failures="0" timestamp="13 Feb 2020 16:26:14 GMT" time="18.505" errors="0">
  <testcase name="login_with_blank_username_and_password" time="0.820" classname="tests.LoginTest"/>
  <testcase name="login_with_invalidate_cred" time="1.964" classname="tests.LoginTest"/>
  <testcase name="login_with_blank_username" time="0.377" classname="tests.LoginTest"/>
  <testcase name="login_page_UI_Verification" time="0.532" classname="tests.LoginTest"/>
  <testcase name="UIVerification_forgot_passowrd_page" time="2.912" classname="tests.LoginTest"/>
  <testcase name="rememeber_me_functinonality" time="6.379" classname="tests.LoginTest"/>
  <testcase name="login_with_blank_password" time="0.454" classname="tests.LoginTest"/>
  <testcase name="reset_password" time="1.737" classname="tests.LoginTest"/>
  <testcase name="login_with_deleted_user" time="0.657" classname="tests.LoginTest"/>
  <testcase name="login_with_inactive_user" time="0.640" classname="tests.LoginTest"/>
  <testcase name="validLogin" time="1.643" classname="tests.LoginTest"/>
  <testcase name="next_button_with_no_email_ID" time="0.390" classname="tests.LoginTest"/>
</testsuite> <!-- tests.LoginTest -->
