<?xml version="1.0" encoding="UTF-8"?>
<!-- Generated by org.testng.reporters.JUnitReportReporter -->
<testsuite hostname="LAPTOP-Q18VUQ5U" name="tests.CamapignUIVerificationTest" tests="4" failures="0" timestamp="12 Feb 2020 10:50:44 GMT" time="107.794" errors="0">
  <testcase name="CampaignAndTrackingNumberPage_UI_Verification" time="9.729" classname="tests.CamapignUIVerificationTest"/>
  <testcase name="defaultColumnsDisplayed" time="9.623" classname="tests.CamapignUIVerificationTest"/>
  <testcase name="allColumnsDisplayed" time="73.010" classname="tests.CamapignUIVerificationTest"/>
  <testcase name="defaultTrackingNumberColumnLabels" time="15.432" classname="tests.CamapignUIVerificationTest"/>
</testsuite> <!-- tests.CamapignUIVerificationTest -->
