<?xml version="1.0" encoding="UTF-8"?>
<!-- Generated by org.testng.reporters.JUnitReportReporter -->
<testsuite hostname="LAPTOP-Q18VUQ5U" name="tests.LoginTest" tests="12" failures="0" timestamp="1 May 2020 13:17:46 GMT" time="21.989" errors="0">
  <testcase name="next_button_with_no_email_ID" time="0.939" classname="tests.LoginTest"/>
  <testcase name="UIVerification_forgot_passowrd_page" time="2.823" classname="tests.LoginTest"/>
  <testcase name="login_with_invalidate_cred" time="2.535" classname="tests.LoginTest"/>
  <testcase name="login_with_blank_password" time="0.482" classname="tests.LoginTest"/>
  <testcase name="login_with_inactive_user" time="0.636" classname="tests.LoginTest"/>
  <testcase name="login_with_blank_username_and_password" time="0.256" classname="tests.LoginTest"/>
  <testcase name="rememeber_me_functinonality" time="7.246" classname="tests.LoginTest"/>
  <testcase name="login_with_deleted_user" time="0.633" classname="tests.LoginTest"/>
  <testcase name="validLogin" time="2.734" classname="tests.LoginTest"/>
  <testcase name="login_with_blank_username" time="0.411" classname="tests.LoginTest"/>
  <testcase name="login_page_UI_Verification" time="1.390" classname="tests.LoginTest"/>
  <testcase name="reset_password" time="1.904" classname="tests.LoginTest"/>
</testsuite> <!-- tests.LoginTest -->
