<?xml version="1.0" encoding="UTF-8"?>
<!-- Generated by org.testng.reporters.JUnitReportReporter -->
<testsuite skipped="0" hostname="LAPTOP-Q18VUQ5U" name="tests.CampaignTests" tests="15" failures="0" timestamp="19 Dec 2019 14:02:58 GMT" time="193.620" errors="0">
  <testcase name="CampaignAndTrackingNumberPage_UI_Verification" time="10.994" classname="tests.CampaignTests"/>
  <testcase name="campaignBuilderPage_UI_Verification" time="5.119" classname="tests.CampaignTests"/>
  <testcase name="campaign_Creation_Without_externalID" time="15.379" classname="tests.CampaignTests"/>
  <testcase name="campaign_updation_Without_externalID" time="14.856" classname="tests.CampaignTests"/>
  <testcase name="campaign_deletion_Without_externalID" time="3.954" classname="tests.CampaignTests"/>
  <testcase name="campaign_Creation_With_externalID" time="15.006" classname="tests.CampaignTests"/>
  <testcase name="campaign_updation_With_externalID" time="15.822" classname="tests.CampaignTests"/>
  <testcase name="campaign_deletion_With_externalID" time="12.848" classname="tests.CampaignTests"/>
  <testcase name="createCampaignWithFutureStartDateAndNeverEndDate" time="15.217" classname="tests.CampaignTests"/>
  <testcase name="updateCampaignWithFutureStartDateAndNeverEndDate" time="16.353" classname="tests.CampaignTests"/>
  <testcase name="campaign_deletion_With_futureStartDate" time="12.906" classname="tests.CampaignTests"/>
  <testcase name="createCampaignWithFutureStartDateAndFutureEndDate" time="16.685" classname="tests.CampaignTests"/>
  <testcase name="updateCampaignWithFutureStartDateAndFutureEndDate" time="16.627" classname="tests.CampaignTests"/>
  <testcase name="campaign_deletion_With_futureStartDateAndFutureEndDate" time="12.940" classname="tests.CampaignTests"/>
  <testcase name="createCampaignWithPastTime" time="8.914" classname="tests.CampaignTests"/>
</testsuite> <!-- tests.CampaignTests -->
