<?xml version="1.0" encoding="UTF-8"?>
<!-- Generated by org.testng.reporters.JUnitReportReporter -->
<testsuite hostname="LAPTOP-Q18VUQ5U" name="tests.LoginTest" tests="12" failures="0" timestamp="3 May 2020 08:05:16 GMT" time="30.342" errors="0">
  <testcase name="next_button_with_no_email_ID" time="0.520" classname="tests.LoginTest"/>
  <testcase name="reset_password" time="1.676" classname="tests.LoginTest"/>
  <testcase name="validLogin" time="1.861" classname="tests.LoginTest"/>
  <testcase name="UIVerification_forgot_passowrd_page" time="3.401" classname="tests.LoginTest"/>
  <testcase name="login_with_invalidate_cred" time="8.499" classname="tests.LoginTest"/>
  <testcase name="login_with_blank_password" time="0.411" classname="tests.LoginTest"/>
  <testcase name="rememeber_me_functinonality" time="9.125" classname="tests.LoginTest"/>
  <testcase name="login_with_inactive_user" time="0.558" classname="tests.LoginTest"/>
  <testcase name="login_with_blank_username_and_password" time="0.700" classname="tests.LoginTest"/>
  <testcase name="login_with_deleted_user" time="0.633" classname="tests.LoginTest"/>
  <testcase name="login_page_UI_Verification" time="2.663" classname="tests.LoginTest"/>
  <testcase name="login_with_blank_username" time="0.295" classname="tests.LoginTest"/>
</testsuite> <!-- tests.LoginTest -->
