<?xml version="1.0" encoding="UTF-8"?>
<!-- Generated by org.testng.reporters.JUnitReportReporter -->
<testsuite hostname="LAPTOP-Q18VUQ5U" name="tests.HomeTest" tests="2" failures="0" timestamp="20 Feb 2020 11:54:46 GMT" time="19.381" errors="0">
  <testcase name="ui_verification" time="11.665" classname="tests.HomeTest"/>
  <testcase name="tiles_count_verification_UI" time="7.716" classname="tests.HomeTest"/>
</testsuite> <!-- tests.HomeTest -->
