<?xml version="1.0" encoding="UTF-8"?>
<!-- Generated by org.testng.reporters.JUnitReportReporter -->
<testsuite hostname="LAPTOP-Q18VUQ5U" name="tests.TrackingNumberTest" tests="24" failures="0" timestamp="13 Mar 2020 13:23:46 GMT" time="1238.533" errors="0">
  <testcase name="hangupTrakingNumberCreation" time="68.074" classname="tests.TrackingNumberTest"/>
  <testcase name="simpleTrakingNumberCreation" time="82.776" classname="tests.TrackingNumberTest"/>
  <testcase name="simpleTrakingNumberUpdation" time="7.336" classname="tests.TrackingNumberTest"/>
  <testcase name="voicemailTrakingNumberCreation" time="66.808" classname="tests.TrackingNumberTest"/>
  <testcase name="GeoRouteTrakingNumberDeletion" time="6.287" classname="tests.TrackingNumberTest"/>
  <testcase name="numberPoolCreation" time="92.436" classname="tests.TrackingNumberTest"/>
  <testcase name="IVRDeletion" time="6.390" classname="tests.TrackingNumberTest"/>
  <testcase name="numberPoolUpdation" time="7.283" classname="tests.TrackingNumberTest"/>
  <testcase name="voicemailTrakingNumberDeletion" time="13.194" classname="tests.TrackingNumberTest"/>
  <testcase name="reserveNumberCreation" time="21.972" classname="tests.TrackingNumberTest"/>
  <testcase name="simpleTrakingNumberDeletion" time="6.753" classname="tests.TrackingNumberTest"/>
  <testcase name="scheduleTrakingNumberCreation" time="83.933" classname="tests.TrackingNumberTest"/>
  <testcase name="GeoRouteTrakingNumberCreation" time="82.664" classname="tests.TrackingNumberTest"/>
  <testcase name="IVRCreation" time="354.895" classname="tests.TrackingNumberTest"/>
  <testcase name="percentTrakingNumberCreation" time="88.774" classname="tests.TrackingNumberTest"/>
  <testcase name="reserveNumberUpdation" time="6.931" classname="tests.TrackingNumberTest"/>
  <testcase name="numberPoolDeletion" time="6.888" classname="tests.TrackingNumberTest"/>
  <testcase name="trakingNumberPageUIVerification" time="123.267" classname="tests.TrackingNumberTest"/>
  <testcase name="outboundTrakingNumberDeletion" time="10.299" classname="tests.TrackingNumberTest"/>
  <testcase name="hangupTrakingNumberDeletion" time="11.920" classname="tests.TrackingNumberTest"/>
  <testcase name="reserveNumberDeletion" time="6.778" classname="tests.TrackingNumberTest"/>
  <testcase name="percentTrakingNumberDeletion" time="6.434" classname="tests.TrackingNumberTest"/>
  <testcase name="scheduleTrakingNumberDeletion" time="6.849" classname="tests.TrackingNumberTest"/>
  <testcase name="outboundTrakingNumberCreation" time="69.592" classname="tests.TrackingNumberTest"/>
</testsuite> <!-- tests.TrackingNumberTest -->
