<?xml version="1.0" encoding="UTF-8"?>
<!-- Generated by org.testng.reporters.JUnitReportReporter -->
<testsuite hostname="LAPTOP-Q18VUQ5U" name="tests.CallLogsTest" tests="19" failures="0" timestamp="4 May 2020 13:54:33 GMT" time="274.036" errors="0">
  <testcase name="presenceOfGearIconVerification" time="0.913" classname="tests.CallLogsTest"/>
  <testcase name="averageCallsDurationTileValueVerification" time="6.505" classname="tests.CallLogsTest"/>
  <testcase name="filterFeatureForGroupTest" time="75.770" classname="tests.CallLogsTest"/>
  <testcase name="presenceOfUniqueCallsGraph" time="0.164" classname="tests.CallLogsTest"/>
  <testcase name="filterFeatureForCampaignTest" time="72.018" classname="tests.CallLogsTest"/>
  <testcase name="tilesVerification" time="16.871" classname="tests.CallLogsTest"/>
  <testcase name="totalLeadsTileValueVerification" time="6.921" classname="tests.CallLogsTest"/>
  <testcase name="uniqueCallsTileValueVerification" time="6.826" classname="tests.CallLogsTest"/>
  <testcase name="presenceOfTimeZoneVerification" time="0.193" classname="tests.CallLogsTest"/>
  <testcase name="filterButtonTest" time="0.356" classname="tests.CallLogsTest"/>
  <testcase name="gearIconOptionsVerification" time="5.026" classname="tests.CallLogsTest"/>
  <testcase name="totalConversionTileValueVerification" time="6.633" classname="tests.CallLogsTest"/>
  <testcase name="footerNoteTest" time="0.298" classname="tests.CallLogsTest"/>
  <testcase name="headerLabelVerification" time="1.109" classname="tests.CallLogsTest"/>
  <testcase name="tableColumnsTest" time="26.341" classname="tests.CallLogsTest"/>
  <testcase name="filterButtonElementsTest" time="34.868" classname="tests.CallLogsTest"/>
  <testcase name="totalCallsTileValueVerification" time="6.456" classname="tests.CallLogsTest"/>
  <testcase name="answeredCallsTileValueVerification" time="6.483" classname="tests.CallLogsTest"/>
  <testcase name="presenceOfTotalCallsGraph" time="0.285" classname="tests.CallLogsTest"/>
</testsuite> <!-- tests.CallLogsTest -->
