<?xml version="1.0" encoding="UTF-8"?>
<!-- Generated by org.testng.reporters.JUnitReportReporter -->
<testsuite hostname="LAPTOP-Q18VUQ5U" name="tests.TrackingNumberTest" tests="2" failures="0" timestamp="13 Mar 2020 10:43:47 GMT" time="391.090" errors="0">
  <testcase name="IVRCreation" time="383.860" classname="tests.TrackingNumberTest"/>
  <testcase name="IVRDeletion" time="7.230" classname="tests.TrackingNumberTest"/>
</testsuite> <!-- tests.TrackingNumberTest -->
