<?xml version="1.0" encoding="UTF-8"?>
<!-- Generated by org.testng.reporters.JUnitReportReporter -->
<testsuite skipped="0" hostname="LAPTOP-Q18VUQ5U" name="tests.LoginTest" tests="1" failures="0" timestamp="14 Jan 2020 14:50:06 GMT" time="2.803" errors="0">
  <testcase name="validLogin" time="2.803" classname="tests.LoginTest"/>
</testsuite> <!-- tests.LoginTest -->
