<?xml version="1.0" encoding="UTF-8"?>
<!-- Generated by org.testng.reporters.JUnitReportReporter -->
<testsuite hostname="LAPTOP-Q18VUQ5U" name="tests.LookerTrackingNumberSettingsReportTest" tests="20" failures="0" timestamp="6 May 2020 10:48:56 GMT" time="149.500" errors="0">
  <testcase name="filterFeatureForGroupTest" time="16.791" classname="tests.LookerTrackingNumberSettingsReportTest"/>
  <testcase name="filterFeatureForRingToNumberTest" time="10.360" classname="tests.LookerTrackingNumberSettingsReportTest"/>
  <testcase name="filterFeatureForTrackingNumberNameTest" time="8.797" classname="tests.LookerTrackingNumberSettingsReportTest"/>
  <testcase name="detailedViewUIVerificationTest" time="9.310" classname="tests.LookerTrackingNumberSettingsReportTest"/>
  <testcase name="filterFeatureForTrackingNumberTypeTest" time="15.814" classname="tests.LookerTrackingNumberSettingsReportTest"/>
  <testcase name="filterButtonTest" time="0.186" classname="tests.LookerTrackingNumberSettingsReportTest"/>
  <testcase name="inActiveTrackingNumberCountVerification" time="4.163" classname="tests.LookerTrackingNumberSettingsReportTest"/>
  <testcase name="filterButtonElementsTest" time="4.735" classname="tests.LookerTrackingNumberSettingsReportTest"/>
  <testcase name="headerLabelVerification" time="4.410" classname="tests.LookerTrackingNumberSettingsReportTest"/>
  <testcase name="activeCampaignCountVerification" time="5.256" classname="tests.LookerTrackingNumberSettingsReportTest"/>
  <testcase name="tableColumnsTest" time="23.637" classname="tests.LookerTrackingNumberSettingsReportTest"/>
  <testcase name="inActiveCampaignCountVerification" time="4.217" classname="tests.LookerTrackingNumberSettingsReportTest"/>
  <testcase name="filterFeatureForTrackingNumberTest" time="9.777" classname="tests.LookerTrackingNumberSettingsReportTest"/>
  <testcase name="filterFeatureForCampaignTest" time="9.728" classname="tests.LookerTrackingNumberSettingsReportTest"/>
  <testcase name="presenceOfDetailedViewTileTest" time="1.370" classname="tests.LookerTrackingNumberSettingsReportTest"/>
  <testcase name="presenceOfGearIconVerification" time="0.125" classname="tests.LookerTrackingNumberSettingsReportTest"/>
  <testcase name="gearIconOptionsVerification" time="2.267" classname="tests.LookerTrackingNumberSettingsReportTest"/>
  <testcase name="tilesVerification" time="14.319" classname="tests.LookerTrackingNumberSettingsReportTest"/>
  <testcase name="presenceOfTimeZoneVerification" time="0.111" classname="tests.LookerTrackingNumberSettingsReportTest"/>
  <testcase name="activeTrackingNumberCountVerification" time="4.127" classname="tests.LookerTrackingNumberSettingsReportTest"/>
</testsuite> <!-- tests.LookerTrackingNumberSettingsReportTest -->
