<?xml version="1.0" encoding="UTF-8"?>
<!-- Generated by org.testng.reporters.JUnitReportReporter -->
<testsuite hostname="LAPTOP-Q18VUQ5U" name="tests.CampaignTests" tests="15" failures="0" timestamp="13 Mar 2020 13:23:46 GMT" time="152.817" errors="0">
  <testcase name="campaign_deletion_Without_externalID" time="5.414" classname="tests.CampaignTests"/>
  <testcase name="createCampaignWithFutureStartDateAndNeverEndDate" time="14.153" classname="tests.CampaignTests"/>
  <testcase name="campaign_Creation_With_externalID" time="13.706" classname="tests.CampaignTests"/>
  <testcase name="defaultCampaignOwnerValidation" time="7.023" classname="tests.CampaignTests"/>
  <testcase name="campaign_Creation_Without_externalID" time="12.258" classname="tests.CampaignTests"/>
  <testcase name="createCampaignWithFutureStartDateAndFutureEndDate" time="14.277" classname="tests.CampaignTests"/>
  <testcase name="campaign_deletion_With_futureStartDate" time="4.917" classname="tests.CampaignTests"/>
  <testcase name="campaign_deletion_With_externalID" time="4.932" classname="tests.CampaignTests"/>
  <testcase name="createCampaignWithPastTime" time="8.498" classname="tests.CampaignTests"/>
  <testcase name="campaign_updation_Without_externalID" time="16.201" classname="tests.CampaignTests"/>
  <testcase name="updateCampaignWithFutureStartDateAndNeverEndDate" time="13.231" classname="tests.CampaignTests"/>
  <testcase name="campaignBuilderPage_UI_Verification" time="7.110" classname="tests.CampaignTests"/>
  <testcase name="campaign_updation_With_externalID" time="12.321" classname="tests.CampaignTests"/>
  <testcase name="updateCampaignWithFutureStartDateAndFutureEndDate" time="13.800" classname="tests.CampaignTests"/>
  <testcase name="campaign_deletion_With_futureStartDateAndFutureEndDate" time="4.976" classname="tests.CampaignTests"/>
</testsuite> <!-- tests.CampaignTests -->
