<?xml version="1.0" encoding="UTF-8"?>
<!-- Generated by org.testng.reporters.JUnitReportReporter -->
<testsuite hostname="LAPTOP-Q18VUQ5U" name="tests.LoginTest" tests="12" failures="0" timestamp="20 Jan 2020 09:24:44 GMT" time="19.684" errors="0">
  <testcase name="login_with_blank_password" time="0.465" classname="tests.LoginTest"/>
  <testcase name="validLogin" time="1.748" classname="tests.LoginTest"/>
  <testcase name="login_with_invalidate_cred" time="2.303" classname="tests.LoginTest"/>
  <testcase name="next_button_with_no_email_ID" time="0.445" classname="tests.LoginTest"/>
  <testcase name="login_with_deleted_user" time="0.704" classname="tests.LoginTest"/>
  <testcase name="login_with_inactive_user" time="1.244" classname="tests.LoginTest"/>
  <testcase name="login_page_UI_Verification" time="1.904" classname="tests.LoginTest"/>
  <testcase name="reset_password" time="1.205" classname="tests.LoginTest"/>
  <testcase name="login_with_blank_username" time="0.349" classname="tests.LoginTest"/>
  <testcase name="UIVerification_forgot_passowrd_page" time="2.756" classname="tests.LoginTest"/>
  <testcase name="rememeber_me_functinonality" time="6.316" classname="tests.LoginTest"/>
  <testcase name="login_with_blank_username_and_password" time="0.245" classname="tests.LoginTest"/>
</testsuite> <!-- tests.LoginTest -->
