<?xml version="1.0" encoding="UTF-8"?>
<!-- Generated by org.testng.reporters.JUnitReportReporter -->
<testsuite hostname="LAPTOP-Q18VUQ5U" name="tests.CampaignTests" tests="15" failures="0" timestamp="11 Mar 2020 10:28:35 GMT" time="154.908" errors="0">
  <testcase name="createCampaignWithPastTime" time="8.472" classname="tests.CampaignTests"/>
  <testcase name="campaign_deletion_Without_externalID" time="5.015" classname="tests.CampaignTests"/>
  <testcase name="createCampaignWithFutureStartDateAndFutureEndDate" time="14.976" classname="tests.CampaignTests"/>
  <testcase name="defaultCampaignOwnerValidation" time="6.929" classname="tests.CampaignTests"/>
  <testcase name="campaign_deletion_With_futureStartDate" time="4.958" classname="tests.CampaignTests"/>
  <testcase name="updateCampaignWithFutureStartDateAndFutureEndDate" time="13.759" classname="tests.CampaignTests"/>
  <testcase name="campaign_deletion_With_futureStartDateAndFutureEndDate" time="5.228" classname="tests.CampaignTests"/>
  <testcase name="campaign_Creation_Without_externalID" time="13.798" classname="tests.CampaignTests"/>
  <testcase name="createCampaignWithFutureStartDateAndNeverEndDate" time="13.944" classname="tests.CampaignTests"/>
  <testcase name="campaign_updation_With_externalID" time="12.395" classname="tests.CampaignTests"/>
  <testcase name="campaignBuilderPage_UI_Verification" time="7.482" classname="tests.CampaignTests"/>
  <testcase name="updateCampaignWithFutureStartDateAndNeverEndDate" time="13.238" classname="tests.CampaignTests"/>
  <testcase name="campaign_deletion_With_externalID" time="4.880" classname="tests.CampaignTests"/>
  <testcase name="campaign_updation_Without_externalID" time="16.109" classname="tests.CampaignTests"/>
  <testcase name="campaign_Creation_With_externalID" time="13.725" classname="tests.CampaignTests"/>
</testsuite> <!-- tests.CampaignTests -->
