<?xml version="1.0" encoding="UTF-8"?>
<!-- Generated by org.testng.reporters.JUnitReportReporter -->
<testsuite skipped="0" hostname="DESKTOP-AQH3QCE" name="tests.GroupsAndUserTest" tests="6" failures="0" timestamp="30 Jul 2020 09:42:19 GMT" time="6.828" errors="0">
  <testcase name="groupsAndUserPageLabel" time="1.276" classname="tests.GroupsAndUserTest"/>
  <testcase name="exportgroupAndUserButton" time="0.574" classname="tests.GroupsAndUserTest"/>
  <testcase name="groupDetailsStripVerification" time="0.130" classname="tests.GroupsAndUserTest"/>
  <testcase name="groupDetailsStripCollapsible_Expandable" time="0.327" classname="tests.GroupsAndUserTest"/>
  <testcase name="groupDetailsUIverification" time="0.312" classname="tests.GroupsAndUserTest"/>
  <testcase name="userSectionUIVerification" time="4.209" classname="tests.GroupsAndUserTest"/>
</testsuite> <!-- tests.GroupsAndUserTest -->
