<?xml version="1.0" encoding="UTF-8"?>
<!-- Generated by org.testng.reporters.JUnitReportReporter -->
<testsuite hostname="LAPTOP-Q18VUQ5U" name="tests.LoginTest" tests="12" failures="0" timestamp="26 Mar 2020 13:39:23 GMT" time="19.754" errors="0">
  <testcase name="login_with_inactive_user" time="1.177" classname="tests.LoginTest"/>
  <testcase name="login_with_invalidate_cred" time="2.444" classname="tests.LoginTest"/>
  <testcase name="validLogin" time="1.955" classname="tests.LoginTest"/>
  <testcase name="rememeber_me_functinonality" time="6.776" classname="tests.LoginTest"/>
  <testcase name="login_with_blank_username_and_password" time="0.272" classname="tests.LoginTest"/>
  <testcase name="login_with_deleted_user" time="0.745" classname="tests.LoginTest"/>
  <testcase name="reset_password" time="1.229" classname="tests.LoginTest"/>
  <testcase name="login_with_blank_username" time="0.381" classname="tests.LoginTest"/>
  <testcase name="next_button_with_no_email_ID" time="0.459" classname="tests.LoginTest"/>
  <testcase name="UIVerification_forgot_passowrd_page" time="2.946" classname="tests.LoginTest"/>
  <testcase name="login_page_UI_Verification" time="0.797" classname="tests.LoginTest"/>
  <testcase name="login_with_blank_password" time="0.573" classname="tests.LoginTest"/>
</testsuite> <!-- tests.LoginTest -->
