<?xml version="1.0" encoding="UTF-8"?>
<!-- Generated by org.testng.reporters.JUnitReportReporter -->
<testsuite hostname="LAPTOP-Q18VUQ5U" name="tests.CampaignTests" tests="15" failures="0" timestamp="21 Jan 2020 08:50:51 GMT" time="154.725" errors="0">
  <testcase name="campaign_Creation_Without_externalID" time="13.650" classname="tests.CampaignTests"/>
  <testcase name="updateCampaignWithFutureStartDateAndFutureEndDate" time="15.204" classname="tests.CampaignTests"/>
  <testcase name="campaign_updation_With_externalID" time="13.637" classname="tests.CampaignTests"/>
  <testcase name="campaign_updation_Without_externalID" time="13.274" classname="tests.CampaignTests"/>
  <testcase name="campaign_deletion_With_externalID" time="5.563" classname="tests.CampaignTests"/>
  <testcase name="campaign_deletion_With_futureStartDate" time="5.871" classname="tests.CampaignTests"/>
  <testcase name="campaign_Creation_With_externalID" time="13.491" classname="tests.CampaignTests"/>
  <testcase name="updateCampaignWithFutureStartDateAndNeverEndDate" time="14.602" classname="tests.CampaignTests"/>
  <testcase name="campaign_deletion_With_futureStartDateAndFutureEndDate" time="5.895" classname="tests.CampaignTests"/>
  <testcase name="createCampaignWithPastTime" time="7.046" classname="tests.CampaignTests"/>
  <testcase name="createCampaignWithFutureStartDateAndFutureEndDate" time="14.606" classname="tests.CampaignTests"/>
  <testcase name="defaultCampaignOwnerValidation" time="5.656" classname="tests.CampaignTests"/>
  <testcase name="campaign_deletion_Without_externalID" time="5.755" classname="tests.CampaignTests"/>
  <testcase name="campaignBuilderPage_UI_Verification" time="7.196" classname="tests.CampaignTests"/>
  <testcase name="createCampaignWithFutureStartDateAndNeverEndDate" time="13.279" classname="tests.CampaignTests"/>
</testsuite> <!-- tests.CampaignTests -->
