<?xml version="1.0" encoding="UTF-8"?>
<!-- Generated by org.testng.reporters.JUnitReportReporter -->
<testsuite hostname="LAPTOP-Q18VUQ5U" name="tests.HomeTest" tests="2" failures="0" timestamp="13 Feb 2020 09:15:44 GMT" time="16.602" errors="0">
  <testcase name="ui_verification" time="9.153" classname="tests.HomeTest"/>
  <testcase name="tiles_count_verification_UI" time="7.449" classname="tests.HomeTest"/>
</testsuite> <!-- tests.HomeTest -->
