<?xml version="1.0" encoding="UTF-8"?>
<!-- Generated by org.testng.reporters.JUnitReportReporter -->
<testsuite skipped="0" hostname="LAPTOP-Q18VUQ5U" name="tests.LoginTest" tests="1" failures="0" timestamp="30 Dec 2019 13:38:44 GMT" time="4.006" errors="0">
  <testcase name="login" time="4.006" classname="tests.LoginTest"/>
</testsuite> <!-- tests.LoginTest -->
