<?xml version="1.0" encoding="UTF-8"?>
<!-- Generated by org.testng.reporters.JUnitReportReporter -->
<testsuite hostname="LAPTOP-Q18VUQ5U" name="tests.CallLogsTest" tests="3" failures="0" timestamp="4 May 2020 06:04:13 GMT" time="100.344" errors="0">
  <testcase name="filterFeatureForGroupTest" time="11.563" classname="tests.CallLogsTest"/>
  <testcase name="filterFeatureForHuntTypeTest" time="74.002" classname="tests.CallLogsTest"/>
  <testcase name="filterFeatureForCampaignTest" time="14.779" classname="tests.CallLogsTest"/>
</testsuite> <!-- tests.CallLogsTest -->
