<?xml version="1.0" encoding="UTF-8"?>
<!-- Generated by org.testng.reporters.JUnitReportReporter -->
<testsuite hostname="LAPTOP-Q18VUQ5U" name="tests.LoginTest" tests="12" failures="0" timestamp="23 Jan 2020 12:09:56 GMT" time="36.039" errors="0">
  <testcase name="login_with_inactive_user" time="1.744" classname="tests.LoginTest"/>
  <testcase name="login_with_blank_username_and_password" time="0.562" classname="tests.LoginTest"/>
  <testcase name="validLogin" time="2.321" classname="tests.LoginTest"/>
  <testcase name="reset_password" time="3.093" classname="tests.LoginTest"/>
  <testcase name="login_with_blank_username" time="1.496" classname="tests.LoginTest"/>
  <testcase name="next_button_with_no_email_ID" time="1.571" classname="tests.LoginTest"/>
  <testcase name="login_with_invalidate_cred" time="6.191" classname="tests.LoginTest"/>
  <testcase name="UIVerification_forgot_passowrd_page" time="3.797" classname="tests.LoginTest"/>
  <testcase name="login_with_deleted_user" time="1.539" classname="tests.LoginTest"/>
  <testcase name="rememeber_me_functinonality" time="10.926" classname="tests.LoginTest"/>
  <testcase name="login_page_UI_Verification" time="1.575" classname="tests.LoginTest"/>
  <testcase name="login_with_blank_password" time="1.224" classname="tests.LoginTest"/>
</testsuite> <!-- tests.LoginTest -->
