<?xml version="1.0" encoding="UTF-8"?>
<!-- Generated by org.testng.reporters.JUnitReportReporter -->
<testsuite hostname="LAPTOP-Q18VUQ5U" name="tests.TrackingNumberTest" tests="22" failures="0" timestamp="11 Mar 2020 10:28:35 GMT" time="941.625" errors="0">
  <testcase name="outboundTrakingNumberCreation" time="68.509" classname="tests.TrackingNumberTest"/>
  <testcase name="reserveNumberDeletion" time="5.876" classname="tests.TrackingNumberTest"/>
  <testcase name="simpleTrakingNumberUpdation" time="8.009" classname="tests.TrackingNumberTest"/>
  <testcase name="voicemailTrakingNumberCreation" time="67.760" classname="tests.TrackingNumberTest"/>
  <testcase name="percentTrakingNumberCreation" time="93.573" classname="tests.TrackingNumberTest"/>
  <testcase name="numberPoolUpdation" time="7.456" classname="tests.TrackingNumberTest"/>
  <testcase name="voicemailTrakingNumberDeletion" time="19.792" classname="tests.TrackingNumberTest"/>
  <testcase name="simpleTrakingNumberCreation" time="96.437" classname="tests.TrackingNumberTest"/>
  <testcase name="numberPoolDeletion" time="5.975" classname="tests.TrackingNumberTest"/>
  <testcase name="reserveNumberUpdation" time="7.444" classname="tests.TrackingNumberTest"/>
  <testcase name="simpleTrakingNumberDeletion" time="6.495" classname="tests.TrackingNumberTest"/>
  <testcase name="trakingNumberPageUIVerification" time="134.206" classname="tests.TrackingNumberTest"/>
  <testcase name="percentTrakingNumberDeletion" time="7.214" classname="tests.TrackingNumberTest"/>
  <testcase name="GeoRouteTrakingNumberDeletion" time="5.488" classname="tests.TrackingNumberTest"/>
  <testcase name="reserveNumberCreation" time="22.291" classname="tests.TrackingNumberTest"/>
  <testcase name="GeoRouteTrakingNumberCreation" time="91.556" classname="tests.TrackingNumberTest"/>
  <testcase name="numberPoolCreation" time="96.527" classname="tests.TrackingNumberTest"/>
  <testcase name="outboundTrakingNumberDeletion" time="19.710" classname="tests.TrackingNumberTest"/>
  <testcase name="scheduleTrakingNumberDeletion" time="5.567" classname="tests.TrackingNumberTest"/>
  <testcase name="hangupTrakingNumberDeletion" time="19.435" classname="tests.TrackingNumberTest"/>
  <testcase name="scheduleTrakingNumberCreation" time="85.385" classname="tests.TrackingNumberTest"/>
  <testcase name="hangupTrakingNumberCreation" time="66.920" classname="tests.TrackingNumberTest"/>
</testsuite> <!-- tests.TrackingNumberTest -->
