<?xml version="1.0" encoding="UTF-8"?>
<!-- Generated by org.testng.reporters.JUnitReportReporter -->
<testsuite hostname="LAPTOP-Q18VUQ5U" name="tests.CamapignUIVerificationTest" tests="3" failures="0" timestamp="11 Mar 2020 10:28:35 GMT" time="87.825" errors="0">
  <testcase name="defaultColumnsDisplayed" time="8.661" classname="tests.CamapignUIVerificationTest"/>
  <testcase name="CampaignAndTrackingNumberPage_UI_Verification" time="8.381" classname="tests.CamapignUIVerificationTest"/>
  <testcase name="allColumnsDisplayed" time="70.783" classname="tests.CamapignUIVerificationTest"/>
</testsuite> <!-- tests.CamapignUIVerificationTest -->
