<?xml version="1.0" encoding="UTF-8"?>
<!-- Generated by org.testng.reporters.JUnitReportReporter -->
<testsuite hostname="LAPTOP-Q18VUQ5U" name="tests.TrackingNumberTest" tests="3" failures="0" timestamp="26 Feb 2020 07:45:10 GMT" time="186.060" errors="0">
  <testcase name="reserveNumberDeletion" time="6.595" classname="tests.TrackingNumberTest"/>
  <testcase name="reserveNumberUpdation" time="17.242" classname="tests.TrackingNumberTest"/>
  <testcase name="reserveNumberCreation" time="162.223" classname="tests.TrackingNumberTest"/>
</testsuite> <!-- tests.TrackingNumberTest -->
