<?xml version="1.0" encoding="UTF-8"?>
<!-- Generated by org.testng.reporters.JUnitReportReporter -->
<testsuite hostname="LAPTOP-Q18VUQ5U" name="tests.Call_Logs_Test" tests="1" failures="0" timestamp="28 Jan 2020 10:40:22 GMT" time="62.481" errors="0">
  <testcase name="UI_Verification" time="62.481" classname="tests.Call_Logs_Test"/>
</testsuite> <!-- tests.Call_Logs_Test -->
