<?xml version="1.0" encoding="UTF-8"?>
<!-- Generated by org.testng.reporters.JUnitReportReporter -->
<testsuite skipped="0" hostname="LAPTOP-Q18VUQ5U" name="tests.CampaignTests" tests="8" failures="0" timestamp="13 Nov 2019 12:32:40 GMT" time="77.297" errors="0">
  <testcase name="CampaignAndTrackingNumberPage_UI_Verification" time="11.723" classname="tests.CampaignTests"/>
  <testcase name="campaignBuilderPage_UI_Verification" time="6.674" classname="tests.CampaignTests"/>
  <testcase name="campaign_Creation_Without_externalID" time="11.777" classname="tests.CampaignTests"/>
  <testcase name="campaign_updation_Without_externalID" time="12.283" classname="tests.CampaignTests"/>
  <testcase name="campaign_deletion_Without_externalID" time="2.470" classname="tests.CampaignTests"/>
  <testcase name="campaign_Creation_With_externalID" time="17.421" classname="tests.CampaignTests"/>
  <testcase name="campaign_updation_With_externalID" time="12.396" classname="tests.CampaignTests"/>
  <testcase name="campaign_deletion_With_externalID" time="2.553" classname="tests.CampaignTests"/>
</testsuite> <!-- tests.CampaignTests -->
