<?xml version="1.0" encoding="UTF-8"?>
<!-- Generated by org.testng.reporters.JUnitReportReporter -->
<testsuite skipped="0" hostname="LAPTOP-Q18VUQ5U" name="tests.ExecuteTests" tests="2" failures="0" timestamp="01 Nov 2019 12:10:48 GMT" time="10.587" errors="0">
  <testcase name="test1" time="9.776" classname="tests.ExecuteTests"/>
  <testcase name="test2" time="0.811" classname="tests.ExecuteTests"/>
</testsuite> <!-- tests.ExecuteTests -->
