<?xml version="1.0" encoding="UTF-8"?>
<!-- Generated by org.testng.reporters.JUnitReportReporter -->
<testsuite skipped="0" hostname="LAPTOP-Q18VUQ5U" name="tests.CampaignTests" tests="14" failures="0" timestamp="30 Dec 2019 13:38:44 GMT" time="140.852" errors="0">
  <testcase name="campaign_Creation_Without_externalID" time="12.325" classname="tests.CampaignTests"/>
  <testcase name="campaignBuilderPage_UI_Verification" time="5.819" classname="tests.CampaignTests"/>
  <testcase name="campaign_updation_Without_externalID" time="12.629" classname="tests.CampaignTests"/>
  <testcase name="campaign_deletion_Without_externalID" time="5.039" classname="tests.CampaignTests"/>
  <testcase name="campaign_Creation_With_externalID" time="12.810" classname="tests.CampaignTests"/>
  <testcase name="campaign_updation_With_externalID" time="13.528" classname="tests.CampaignTests"/>
  <testcase name="campaign_deletion_With_externalID" time="4.941" classname="tests.CampaignTests"/>
  <testcase name="createCampaignWithFutureStartDateAndNeverEndDate" time="13.101" classname="tests.CampaignTests"/>
  <testcase name="updateCampaignWithFutureStartDateAndNeverEndDate" time="13.882" classname="tests.CampaignTests"/>
  <testcase name="campaign_deletion_With_futureStartDate" time="4.944" classname="tests.CampaignTests"/>
  <testcase name="createCampaignWithFutureStartDateAndFutureEndDate" time="13.894" classname="tests.CampaignTests"/>
  <testcase name="updateCampaignWithFutureStartDateAndFutureEndDate" time="16.578" classname="tests.CampaignTests"/>
  <testcase name="campaign_deletion_With_futureStartDateAndFutureEndDate" time="3.843" classname="tests.CampaignTests"/>
  <testcase name="createCampaignWithPastTime" time="7.519" classname="tests.CampaignTests"/>
</testsuite> <!-- tests.CampaignTests -->
