<?xml version="1.0" encoding="UTF-8"?>
<!-- Generated by org.testng.reporters.JUnitReportReporter -->
<testsuite skipped="0" hostname="LAPTOP-Q18VUQ5U" name="tests.CampaignTests" tests="5" failures="0" timestamp="11 Nov 2019 16:31:18 GMT" time="46.137" errors="0">
  <testcase name="CampaignAndTrackingNumberPage_UI_Verification" time="11.175" classname="tests.CampaignTests"/>
  <testcase name="campaignBuilderPage_UI_Verification" time="6.724" classname="tests.CampaignTests"/>
  <testcase name="campaign_Creation_Without_externalID" time="11.679" classname="tests.CampaignTests"/>
  <testcase name="campaign_updation_Without_externalID" time="14.106" classname="tests.CampaignTests"/>
  <testcase name="campaign_deletion_Without_externalID" time="2.453" classname="tests.CampaignTests"/>
</testsuite> <!-- tests.CampaignTests -->
