<?xml version="1.0" encoding="UTF-8"?>
<!-- Generated by org.testng.reporters.JUnitReportReporter -->
<testsuite hostname="LAPTOP-Q18VUQ5U" name="tests.HomeTest" tests="4" failures="0" timestamp="17 Jan 2020 16:07:25 GMT" time="102.043" errors="0">
  <testcase name="tiles_count_verification_UI" time="7.102" classname="tests.HomeTest"/>
  <testcase name="ui_verification" time="48.308" classname="tests.HomeTest"/>
  <testcase name="ui_verification" time="39.693" classname="tests.HomeTest"/>
  <testcase name="tiles_count_verification_UI" time="6.940" classname="tests.HomeTest"/>
</testsuite> <!-- tests.HomeTest -->
