<?xml version="1.0" encoding="UTF-8"?>
<!-- Generated by org.testng.reporters.JUnitReportReporter -->
<testsuite hostname="LAPTOP-Q18VUQ5U" name="tests.LoginTest" tests="12" failures="0" timestamp="13 Mar 2020 13:23:46 GMT" time="17.435" errors="0">
  <testcase name="rememeber_me_functinonality" time="6.231" classname="tests.LoginTest"/>
  <testcase name="UIVerification_forgot_passowrd_page" time="2.796" classname="tests.LoginTest"/>
  <testcase name="login_with_deleted_user" time="0.603" classname="tests.LoginTest"/>
  <testcase name="login_with_inactive_user" time="0.616" classname="tests.LoginTest"/>
  <testcase name="next_button_with_no_email_ID" time="0.393" classname="tests.LoginTest"/>
  <testcase name="login_page_UI_Verification" time="0.500" classname="tests.LoginTest"/>
  <testcase name="login_with_invalidate_cred" time="2.027" classname="tests.LoginTest"/>
  <testcase name="login_with_blank_password" time="0.413" classname="tests.LoginTest"/>
  <testcase name="login_with_blank_username" time="0.376" classname="tests.LoginTest"/>
  <testcase name="validLogin" time="1.694" classname="tests.LoginTest"/>
  <testcase name="reset_password" time="1.556" classname="tests.LoginTest"/>
  <testcase name="login_with_blank_username_and_password" time="0.230" classname="tests.LoginTest"/>
</testsuite> <!-- tests.LoginTest -->
