<?xml version="1.0" encoding="UTF-8"?>
<!-- Generated by org.testng.reporters.JUnitReportReporter -->
<testsuite hostname="LAPTOP-Q18VUQ5U" name="tests.CallDetailReportTest"
	tests="30" failures="0" timestamp="14 Apr 2020 12:15:52 GMT" time="283.600"
	errors="4">
	<testcase name="emailCallSectionUIVerification" time="1.543"
		classname="tests.CallDetailReportTest" />
	<testcase name="advancedFilterForGroupName" time="15.261"
		classname="tests.CallDetailReportTest" />
	<testcase name="dateRangeFilterForLast7days" time="3.997"
		classname="tests.CallDetailReportTest">
		<error type="java.lang.NullPointerException">
      <![CDATA[java.lang.NullPointerException
	at pom.CallDetailsReport_Page.dateRangeFilter(CallDetailsReport_Page.java:687)
	at tests.CallDetailReportTest.dateRangeFilterForLast7days(CallDetailReportTest.java:252)
	at sun.reflect.NativeMethodAccessorImpl.invoke0(Native Method)
	at sun.reflect.NativeMethodAccessorImpl.invoke(Unknown Source)
	at sun.reflect.DelegatingMethodAccessorImpl.invoke(Unknown Source)
	at java.lang.reflect.Method.invoke(Unknown Source)
	at org.testng.internal.MethodInvocationHelper.invokeMethod(MethodInvocationHelper.java:86)
	at org.testng.internal.Invoker.invokeMethod(Invoker.java:643)
	at org.testng.internal.Invoker.invokeTestMethod(Invoker.java:820)
	at org.testng.internal.Invoker.invokeTestMethods(Invoker.java:1128)
	at org.testng.internal.TestMethodWorker.invokeTestMethods(TestMethodWorker.java:129)
	at org.testng.internal.TestMethodWorker.run(TestMethodWorker.java:112)
	at org.testng.TestRunner.privateRun(TestRunner.java:782)
	at org.testng.TestRunner.run(TestRunner.java:632)
	at org.testng.SuiteRunner.runTest(SuiteRunner.java:366)
	at org.testng.SuiteRunner.access$000(SuiteRunner.java:39)
	at org.testng.SuiteRunner$SuiteWorker.run(SuiteRunner.java:400)
	at org.testng.internal.thread.ThreadUtil$2.call(ThreadUtil.java:64)
	at java.util.concurrent.FutureTask.run(Unknown Source)
	at java.util.concurrent.ThreadPoolExecutor.runWorker(Unknown Source)
	at java.util.concurrent.ThreadPoolExecutor$Worker.run(Unknown Source)
	at java.lang.Thread.run(Unknown Source)
]]>
		</error>
	</testcase> <!-- dateRangeFilterForLast7days -->
	<testcase name="dateRangeFilterForYesterday" time="2.522"
		classname="tests.CallDetailReportTest">
		<error type="java.lang.NullPointerException">
      <![CDATA[java.lang.NullPointerException
	at pom.CallDetailsReport_Page.dateRangeFilter(CallDetailsReport_Page.java:687)
	at tests.CallDetailReportTest.dateRangeFilterForYesterday(CallDetailReportTest.java:242)
	at sun.reflect.NativeMethodAccessorImpl.invoke0(Native Method)
	at sun.reflect.NativeMethodAccessorImpl.invoke(Unknown Source)
	at sun.reflect.DelegatingMethodAccessorImpl.invoke(Unknown Source)
	at java.lang.reflect.Method.invoke(Unknown Source)
	at org.testng.internal.MethodInvocationHelper.invokeMethod(MethodInvocationHelper.java:86)
	at org.testng.internal.Invoker.invokeMethod(Invoker.java:643)
	at org.testng.internal.Invoker.invokeTestMethod(Invoker.java:820)
	at org.testng.internal.Invoker.invokeTestMethods(Invoker.java:1128)
	at org.testng.internal.TestMethodWorker.invokeTestMethods(TestMethodWorker.java:129)
	at org.testng.internal.TestMethodWorker.run(TestMethodWorker.java:112)
	at org.testng.TestRunner.privateRun(TestRunner.java:782)
	at org.testng.TestRunner.run(TestRunner.java:632)
	at org.testng.SuiteRunner.runTest(SuiteRunner.java:366)
	at org.testng.SuiteRunner.access$000(SuiteRunner.java:39)
	at org.testng.SuiteRunner$SuiteWorker.run(SuiteRunner.java:400)
	at org.testng.internal.thread.ThreadUtil$2.call(ThreadUtil.java:64)
	at java.util.concurrent.FutureTask.run(Unknown Source)
	at java.util.concurrent.ThreadPoolExecutor.runWorker(Unknown Source)
	at java.util.concurrent.ThreadPoolExecutor$Worker.run(Unknown Source)
	at java.lang.Thread.run(Unknown Source)
]]>
		</error>
	</testcase> <!-- dateRangeFilterForYesterday -->
	<testcase name="basicFilterForGroupName" time="15.744"
		classname="tests.CallDetailReportTest" />
	<testcase name="basicFilterForDisposition" time="15.376"
		classname="tests.CallDetailReportTest" />
	<testcase name="basicFilterForTrackingNumber" time="5.661"
		classname="tests.CallDetailReportTest" />
	<testcase name="informationTagOpen" time="0.673"
		classname="tests.CallDetailReportTest" />
	<testcase name="basicFilterForDuration" time="21.469"
		classname="tests.CallDetailReportTest" />
	<testcase name="dateRangeFilterForLast30days" time="7.085"
		classname="tests.CallDetailReportTest">
		<error type="java.lang.NullPointerException">
      <![CDATA[java.lang.NullPointerException
	at pom.CallDetailsReport_Page.dateRangeFilter(CallDetailsReport_Page.java:687)
	at tests.CallDetailReportTest.dateRangeFilterForLast30days(CallDetailReportTest.java:262)
	at sun.reflect.NativeMethodAccessorImpl.invoke0(Native Method)
	at sun.reflect.NativeMethodAccessorImpl.invoke(Unknown Source)
	at sun.reflect.DelegatingMethodAccessorImpl.invoke(Unknown Source)
	at java.lang.reflect.Method.invoke(Unknown Source)
	at org.testng.internal.MethodInvocationHelper.invokeMethod(MethodInvocationHelper.java:86)
	at org.testng.internal.Invoker.invokeMethod(Invoker.java:643)
	at org.testng.internal.Invoker.invokeTestMethod(Invoker.java:820)
	at org.testng.internal.Invoker.invokeTestMethods(Invoker.java:1128)
	at org.testng.internal.TestMethodWorker.invokeTestMethods(TestMethodWorker.java:129)
	at org.testng.internal.TestMethodWorker.run(TestMethodWorker.java:112)
	at org.testng.TestRunner.privateRun(TestRunner.java:782)
	at org.testng.TestRunner.run(TestRunner.java:632)
	at org.testng.SuiteRunner.runTest(SuiteRunner.java:366)
	at org.testng.SuiteRunner.access$000(SuiteRunner.java:39)
	at org.testng.SuiteRunner$SuiteWorker.run(SuiteRunner.java:400)
	at org.testng.internal.thread.ThreadUtil$2.call(ThreadUtil.java:64)
	at java.util.concurrent.FutureTask.run(Unknown Source)
	at java.util.concurrent.ThreadPoolExecutor.runWorker(Unknown Source)
	at java.util.concurrent.ThreadPoolExecutor$Worker.run(Unknown Source)
	at java.lang.Thread.run(Unknown Source)
]]>
		</error>
	</testcase> <!-- dateRangeFilterForLast30days -->
	<testcase name="tagSectionUIVerification" time="0.627"
		classname="tests.CallDetailReportTest" />
	<testcase name="defaultColumnsDisplayed" time="6.599"
		classname="tests.CallDetailReportTest" />
	<testcase name="allColumnPickerCheckboxesClickable" time="2.453"
		classname="tests.CallDetailReportTest" />
	<testcase name="advancedFilterForCallerID" time="5.288"
		classname="tests.CallDetailReportTest" />
	<testcase name="commentSectionUIVerification" time="0.855"
		classname="tests.CallDetailReportTest" />
	<testcase name="advancedFilterForDuration" time="4.642"
		classname="tests.CallDetailReportTest" />
	<testcase name="advancedFilterUI" time="34.065"
		classname="tests.CallDetailReportTest" />
	<testcase name="emailCallFeature" time="5.680"
		classname="tests.CallDetailReportTest" />
	<testcase name="columnPickerFeature" time="34.735"
		classname="tests.CallDetailReportTest" />
	<testcase name="uiVerification" time="6.221"
		classname="tests.CallDetailReportTest" />
	<testcase name="infoSectionUIVerification" time="1.445"
		classname="tests.CallDetailReportTest" />
	<testcase name="tableCount" time="1.245" classname="tests.CallDetailReportTest" />
	<testcase name="basicFilterForAdSource" time="8.494"
		classname="tests.CallDetailReportTest" />
	<testcase name="advancedFilterForLineType" time="16.412"
		classname="tests.CallDetailReportTest" />
	<testcase name="audioPlayerOpen" time="0.646"
		classname="tests.CallDetailReportTest" />
	<testcase name="basicFilterForCaller_ID" time="19.582"
		classname="tests.CallDetailReportTest" />
	<testcase name="paginationCount" time="1.252"
		classname="tests.CallDetailReportTest" />
	<testcase name="dateRangeFilterForToday" time="3.105"
		classname="tests.CallDetailReportTest">
		<error type="java.lang.NullPointerException">
      <![CDATA[java.lang.NullPointerException
	at pom.CallDetailsReport_Page.dateRangeFilter(CallDetailsReport_Page.java:687)
	at tests.CallDetailReportTest.dateRangeFilterForToday(CallDetailReportTest.java:232)
	at sun.reflect.NativeMethodAccessorImpl.invoke0(Native Method)
	at sun.reflect.NativeMethodAccessorImpl.invoke(Unknown Source)
	at sun.reflect.DelegatingMethodAccessorImpl.invoke(Unknown Source)
	at java.lang.reflect.Method.invoke(Unknown Source)
	at org.testng.internal.MethodInvocationHelper.invokeMethod(MethodInvocationHelper.java:86)
	at org.testng.internal.Invoker.invokeMethod(Invoker.java:643)
	at org.testng.internal.Invoker.invokeTestMethod(Invoker.java:820)
	at org.testng.internal.Invoker.invokeTestMethods(Invoker.java:1128)
	at org.testng.internal.TestMethodWorker.invokeTestMethods(TestMethodWorker.java:129)
	at org.testng.internal.TestMethodWorker.run(TestMethodWorker.java:112)
	at org.testng.TestRunner.privateRun(TestRunner.java:782)
	at org.testng.TestRunner.run(TestRunner.java:632)
	at org.testng.SuiteRunner.runTest(SuiteRunner.java:366)
	at org.testng.SuiteRunner.access$000(SuiteRunner.java:39)
	at org.testng.SuiteRunner$SuiteWorker.run(SuiteRunner.java:400)
	at org.testng.internal.thread.ThreadUtil$2.call(ThreadUtil.java:64)
	at java.util.concurrent.FutureTask.run(Unknown Source)
	at java.util.concurrent.ThreadPoolExecutor.runWorker(Unknown Source)
	at java.util.concurrent.ThreadPoolExecutor$Worker.run(Unknown Source)
	at java.lang.Thread.run(Unknown Source)
]]>
		</error>
	</testcase> <!-- dateRangeFilterForToday -->
	<testcase name="defaultColumnPickerOptions" time="29.394"
		classname="tests.CallDetailReportTest" />
	<testcase name="paginationUI" time="11.529"
		classname="tests.CallDetailReportTest" />
</testsuite> <!-- tests.CallDetailReportTest -->
