<?xml version="1.0" encoding="UTF-8"?>
<!-- Generated by org.testng.reporters.JUnitReportReporter -->
<testsuite hostname="LAPTOP-Q18VUQ5U" name="tests.CamapignUIVerificationTest" tests="3" failures="0" timestamp="12 Feb 2020 08:40:55 GMT" time="91.387" errors="0">
  <testcase name="CampaignAndTrackingNumberPage_UI_Verification" time="9.477" classname="tests.CamapignUIVerificationTest"/>
  <testcase name="defaultColumnsDisplayed" time="10.685" classname="tests.CamapignUIVerificationTest"/>
  <testcase name="allColumnsDisplayed" time="71.225" classname="tests.CamapignUIVerificationTest"/>
</testsuite> <!-- tests.CamapignUIVerificationTest -->
