<?xml version="1.0" encoding="UTF-8"?>
<!-- Generated by org.testng.reporters.JUnitReportReporter -->
<testsuite skipped="0" hostname="LAPTOP-Q18VUQ5U" name="tests.CampaignTests" tests="3" failures="0" timestamp="08 Nov 2019 12:40:44 GMT" time="40.454" errors="0">
  <testcase name="CampaignAndTrackingNumberPage_UI_Verification" time="12.634" classname="tests.CampaignTests"/>
  <testcase name="campaignBuilderPage_UI_Verification" time="7.123" classname="tests.CampaignTests"/>
  <testcase name="campaign_Creation_Without_externalID" time="20.697" classname="tests.CampaignTests"/>
</testsuite> <!-- tests.CampaignTests -->
