<?xml version="1.0" encoding="UTF-8"?>
<!-- Generated by org.testng.reporters.JUnitReportReporter -->
<testsuite hostname="LAPTOP-Q18VUQ5U" name="reservenumber.GetAuthToken" tests="1" failures="0" timestamp="25 Feb 2020 08:49:41 GMT" time="3.349" errors="0">
  <testcase name="authToken" time="3.349" classname="reservenumber.GetAuthToken"/>
</testsuite> <!-- reservenumber.GetAuthToken -->
