<?xml version="1.0" encoding="UTF-8"?>
<!-- Generated by org.testng.reporters.JUnitReportReporter -->
<testsuite hostname="LAPTOP-Q18VUQ5U" name="tests.TrackingNumberTest" tests="2" failures="0" timestamp="2 Mar 2020 14:06:18 GMT" time="96.110" errors="0">
  <testcase name="GeoRouteTrakingNumberCreation" time="90.462" classname="tests.TrackingNumberTest"/>
  <testcase name="GeoRouteTrakingNumberDeletion" time="5.648" classname="tests.TrackingNumberTest"/>
</testsuite> <!-- tests.TrackingNumberTest -->
