<?xml version="1.0" encoding="UTF-8"?>
<!-- Generated by org.testng.reporters.JUnitReportReporter -->
<testsuite hostname="LAPTOP-Q18VUQ5U" name="tests.HomeTest" tests="2" failures="0" timestamp="20 Jan 2020 09:24:44 GMT" time="51.794" errors="0">
  <testcase name="tiles_count_verification_UI" time="7.312" classname="tests.HomeTest"/>
  <testcase name="ui_verification" time="44.482" classname="tests.HomeTest"/>
</testsuite> <!-- tests.HomeTest -->
