<?xml version="1.0" encoding="UTF-8"?>
<!-- Generated by org.testng.reporters.JUnitReportReporter -->
<testsuite skipped="0" hostname="LAPTOP-Q18VUQ5U" name="tests.CampaignTests" tests="15" failures="0" timestamp="18 Dec 2019 16:02:50 GMT" time="203.689" errors="0">
  <testcase name="CampaignAndTrackingNumberPage_UI_Verification" time="10.944" classname="tests.CampaignTests"/>
  <testcase name="campaignBuilderPage_UI_Verification" time="5.299" classname="tests.CampaignTests"/>
  <testcase name="campaign_Creation_Without_externalID" time="16.183" classname="tests.CampaignTests"/>
  <testcase name="campaign_updation_Without_externalID" time="15.024" classname="tests.CampaignTests"/>
  <testcase name="campaign_deletion_Without_externalID" time="12.510" classname="tests.CampaignTests"/>
  <testcase name="campaign_Creation_With_externalID" time="15.133" classname="tests.CampaignTests"/>
  <testcase name="campaign_updation_With_externalID" time="15.688" classname="tests.CampaignTests"/>
  <testcase name="campaign_deletion_With_externalID" time="12.360" classname="tests.CampaignTests"/>
  <testcase name="createCampaignWithFutureStartDateAndNeverEndDate" time="15.494" classname="tests.CampaignTests"/>
  <testcase name="updateCampaignWithFutureStartDateAndNeverEndDate" time="18.308" classname="tests.CampaignTests"/>
  <testcase name="campaign_deletion_With_futureStartDate" time="14.328" classname="tests.CampaignTests"/>
  <testcase name="createCampaignWithFutureStartDateAndFutureEndDate" time="15.547" classname="tests.CampaignTests"/>
  <testcase name="updateCampaignWithFutureStartDateAndFutureEndDate" time="16.717" classname="tests.CampaignTests"/>
  <testcase name="campaign_deletion_With_futureStartDateAndFutureEndDate" time="12.772" classname="tests.CampaignTests"/>
  <testcase name="createCampaignWithPastTime" time="7.382" classname="tests.CampaignTests"/>
</testsuite> <!-- tests.CampaignTests -->
