<?xml version="1.0" encoding="UTF-8"?>
<!-- Generated by org.testng.reporters.JUnitReportReporter -->
<testsuite skipped="0" hostname="LAPTOP-Q18VUQ5U" name="tests.HomeTest" tests="1" failures="0" timestamp="15 Jan 2020 06:17:30 GMT" time="12.604" errors="0">
  <testcase name="ui_verification" time="12.604" classname="tests.HomeTest"/>
</testsuite> <!-- tests.HomeTest -->
