<?xml version="1.0" encoding="UTF-8"?>
<!-- Generated by org.testng.reporters.JUnitReportReporter -->
<testsuite hostname="LAPTOP-Q18VUQ5U" name="tests.CampaignTests" tests="15" failures="0" timestamp="23 Jan 2020 12:09:56 GMT" time="154.056" errors="0">
  <testcase name="campaign_Creation_Without_externalID" time="13.626" classname="tests.CampaignTests"/>
  <testcase name="updateCampaignWithFutureStartDateAndFutureEndDate" time="15.149" classname="tests.CampaignTests"/>
  <testcase name="campaign_updation_With_externalID" time="13.659" classname="tests.CampaignTests"/>
  <testcase name="campaign_updation_Without_externalID" time="13.081" classname="tests.CampaignTests"/>
  <testcase name="campaign_deletion_With_externalID" time="5.391" classname="tests.CampaignTests"/>
  <testcase name="campaign_deletion_With_futureStartDate" time="6.181" classname="tests.CampaignTests"/>
  <testcase name="campaign_Creation_With_externalID" time="12.879" classname="tests.CampaignTests"/>
  <testcase name="updateCampaignWithFutureStartDateAndNeverEndDate" time="14.628" classname="tests.CampaignTests"/>
  <testcase name="campaign_deletion_With_futureStartDateAndFutureEndDate" time="5.912" classname="tests.CampaignTests"/>
  <testcase name="createCampaignWithPastTime" time="6.873" classname="tests.CampaignTests"/>
  <testcase name="createCampaignWithFutureStartDateAndFutureEndDate" time="14.312" classname="tests.CampaignTests"/>
  <testcase name="defaultCampaignOwnerValidation" time="5.756" classname="tests.CampaignTests"/>
  <testcase name="campaign_deletion_Without_externalID" time="6.053" classname="tests.CampaignTests"/>
  <testcase name="campaignBuilderPage_UI_Verification" time="7.310" classname="tests.CampaignTests"/>
  <testcase name="createCampaignWithFutureStartDateAndNeverEndDate" time="13.246" classname="tests.CampaignTests"/>
</testsuite> <!-- tests.CampaignTests -->
