<?xml version="1.0" encoding="UTF-8"?>
<!-- Generated by org.testng.reporters.JUnitReportReporter -->
<testsuite hostname="LAPTOP-Q18VUQ5U" name="tests.CamapignUIVerificationTest" tests="3" failures="0" timestamp="27 Mar 2020 07:35:01 GMT" time="92.964" errors="0">
  <testcase name="allColumnsDisplayed" time="72.841" classname="tests.CamapignUIVerificationTest"/>
  <testcase name="defaultColumnsDisplayed" time="9.611" classname="tests.CamapignUIVerificationTest"/>
  <testcase name="CampaignAndTrackingNumberPage_UI_Verification" time="10.512" classname="tests.CamapignUIVerificationTest"/>
</testsuite> <!-- tests.CamapignUIVerificationTest -->
