<?xml version="1.0" encoding="UTF-8"?>
<!-- Generated by org.testng.reporters.JUnitReportReporter -->
<testsuite hostname="LAPTOP-Q18VUQ5U" name="tests.TrackingNumberTest" tests="2" failures="0" timestamp="12 Mar 2020 11:16:09 GMT" time="98.764" errors="0">
  <testcase name="IVRDeletion" time="7.193" classname="tests.TrackingNumberTest"/>
  <testcase name="IVRCreation" time="91.571" classname="tests.TrackingNumberTest"/>
</testsuite> <!-- tests.TrackingNumberTest -->
