<?xml version="1.0" encoding="UTF-8"?>
<!-- Generated by org.testng.reporters.JUnitReportReporter -->
<testsuite skipped="0" hostname="LAPTOP-Q18VUQ5U" name="tests.LoginTest" tests="1" failures="0" timestamp="03 Jan 2020 11:25:53 GMT" time="3.495" errors="0">
  <testcase name="login" time="3.495" classname="tests.LoginTest"/>
</testsuite> <!-- tests.LoginTest -->
