<?xml version="1.0" encoding="UTF-8"?>
<!-- Generated by org.testng.reporters.JUnitReportReporter -->
<testsuite hostname="LAPTOP-Q18VUQ5U" name="tests.LoginTest" tests="12" failures="0" timestamp="14 Apr 2020 12:15:52 GMT" time="16.739" errors="0">
  <testcase name="login_with_blank_username_and_password" time="0.260" classname="tests.LoginTest"/>
  <testcase name="validLogin" time="1.827" classname="tests.LoginTest"/>
  <testcase name="login_with_deleted_user" time="0.736" classname="tests.LoginTest"/>
  <testcase name="next_button_with_no_email_ID" time="0.504" classname="tests.LoginTest"/>
  <testcase name="login_with_invalidate_cred" time="1.246" classname="tests.LoginTest"/>
  <testcase name="login_with_blank_password" time="0.503" classname="tests.LoginTest"/>
  <testcase name="login_with_blank_username" time="0.440" classname="tests.LoginTest"/>
  <testcase name="login_page_UI_Verification" time="0.425" classname="tests.LoginTest"/>
  <testcase name="UIVerification_forgot_passowrd_page" time="3.402" classname="tests.LoginTest"/>
  <testcase name="login_with_inactive_user" time="0.733" classname="tests.LoginTest"/>
  <testcase name="rememeber_me_functinonality" time="5.427" classname="tests.LoginTest"/>
  <testcase name="reset_password" time="1.236" classname="tests.LoginTest"/>
</testsuite> <!-- tests.LoginTest -->
