<?xml version="1.0" encoding="UTF-8"?>
<!-- Generated by org.testng.reporters.JUnitReportReporter -->
<testsuite hostname="LAPTOP-Q18VUQ5U" name="tests.CamapignUIVerificationTest" tests="3" failures="0" timestamp="3 Feb 2020 15:17:04 GMT" time="1313.302" errors="0">
  <testcase name="CampaignAndTrackingNumberPage_UI_Verification" time="9.420" classname="tests.CamapignUIVerificationTest"/>
  <testcase name="defaultTrackingNumberColumnLabels" time="7.667" classname="tests.CamapignUIVerificationTest"/>
  <testcase name="allTrackingNumberColumnLabels" time="1296.215" classname="tests.CamapignUIVerificationTest"/>
</testsuite> <!-- tests.CamapignUIVerificationTest -->
