<?xml version="1.0" encoding="UTF-8"?>
<!-- Generated by org.testng.reporters.JUnitReportReporter -->
<testsuite hostname="LAPTOP-Q18VUQ5U" name="tests.CampaignTests" tests="15" failures="0" timestamp="13 Feb 2020 16:26:14 GMT" time="143.276" errors="0">
  <testcase name="campaign_updation_Without_externalID" time="12.929" classname="tests.CampaignTests"/>
  <testcase name="updateCampaignWithFutureStartDateAndNeverEndDate" time="13.678" classname="tests.CampaignTests"/>
  <testcase name="updateCampaignWithFutureStartDateAndFutureEndDate" time="12.241" classname="tests.CampaignTests"/>
  <testcase name="campaign_deletion_With_externalID" time="4.107" classname="tests.CampaignTests"/>
  <testcase name="campaign_updation_With_externalID" time="11.800" classname="tests.CampaignTests"/>
  <testcase name="campaign_Creation_Without_externalID" time="12.169" classname="tests.CampaignTests"/>
  <testcase name="campaignBuilderPage_UI_Verification" time="8.372" classname="tests.CampaignTests"/>
  <testcase name="createCampaignWithFutureStartDateAndNeverEndDate" time="12.728" classname="tests.CampaignTests"/>
  <testcase name="campaign_Creation_With_externalID" time="13.561" classname="tests.CampaignTests"/>
  <testcase name="createCampaignWithFutureStartDateAndFutureEndDate" time="14.648" classname="tests.CampaignTests"/>
  <testcase name="campaign_deletion_With_futureStartDate" time="4.163" classname="tests.CampaignTests"/>
  <testcase name="campaign_deletion_Without_externalID" time="4.224" classname="tests.CampaignTests"/>
  <testcase name="campaign_deletion_With_futureStartDateAndFutureEndDate" time="4.241" classname="tests.CampaignTests"/>
  <testcase name="defaultCampaignOwnerValidation" time="6.099" classname="tests.CampaignTests"/>
  <testcase name="createCampaignWithPastTime" time="8.316" classname="tests.CampaignTests"/>
</testsuite> <!-- tests.CampaignTests -->
