<?xml version="1.0" encoding="UTF-8"?>
<!-- Generated by org.testng.reporters.JUnitReportReporter -->
<testsuite hostname="LAPTOP-Q18VUQ5U" name="tests.LoginTest" tests="12" failures="0" timestamp="18 Feb 2020 14:14:28 GMT" time="21.085" errors="0">
  <testcase name="login_with_blank_username" time="0.911" classname="tests.LoginTest"/>
  <testcase name="login_with_invalidate_cred" time="2.196" classname="tests.LoginTest"/>
  <testcase name="reset_password" time="1.304" classname="tests.LoginTest"/>
  <testcase name="next_button_with_no_email_ID" time="0.524" classname="tests.LoginTest"/>
  <testcase name="login_with_inactive_user" time="0.735" classname="tests.LoginTest"/>
  <testcase name="login_page_UI_Verification" time="1.566" classname="tests.LoginTest"/>
  <testcase name="login_with_deleted_user" time="0.743" classname="tests.LoginTest"/>
  <testcase name="rememeber_me_functinonality" time="7.425" classname="tests.LoginTest"/>
  <testcase name="login_with_blank_password" time="0.607" classname="tests.LoginTest"/>
  <testcase name="validLogin" time="1.949" classname="tests.LoginTest"/>
  <testcase name="login_with_blank_username_and_password" time="0.282" classname="tests.LoginTest"/>
  <testcase name="UIVerification_forgot_passowrd_page" time="2.843" classname="tests.LoginTest"/>
</testsuite> <!-- tests.LoginTest -->
