<?xml version="1.0" encoding="UTF-8"?>
<!-- Generated by org.testng.reporters.JUnitReportReporter -->
<testsuite hostname="LAPTOP-Q18VUQ5U" name="tests.LoginTest" tests="12" failures="0" timestamp="20 Feb 2020 11:54:46 GMT" time="21.641" errors="0">
  <testcase name="login_with_blank_username" time="1.082" classname="tests.LoginTest"/>
  <testcase name="login_with_invalidate_cred" time="2.459" classname="tests.LoginTest"/>
  <testcase name="login_with_inactive_user" time="0.782" classname="tests.LoginTest"/>
  <testcase name="next_button_with_no_email_ID" time="0.523" classname="tests.LoginTest"/>
  <testcase name="reset_password" time="1.327" classname="tests.LoginTest"/>
  <testcase name="login_page_UI_Verification" time="1.701" classname="tests.LoginTest"/>
  <testcase name="login_with_deleted_user" time="0.814" classname="tests.LoginTest"/>
  <testcase name="rememeber_me_functinonality" time="6.990" classname="tests.LoginTest"/>
  <testcase name="login_with_blank_password" time="0.584" classname="tests.LoginTest"/>
  <testcase name="validLogin" time="1.966" classname="tests.LoginTest"/>
  <testcase name="login_with_blank_username_and_password" time="0.314" classname="tests.LoginTest"/>
  <testcase name="UIVerification_forgot_passowrd_page" time="3.099" classname="tests.LoginTest"/>
</testsuite> <!-- tests.LoginTest -->
