<?xml version="1.0" encoding="UTF-8"?>
<!-- Generated by org.testng.reporters.JUnitReportReporter -->
<testsuite hostname="LAPTOP-Q18VUQ5U" name="tests.CampaignTests" tests="15" failures="0" timestamp="26 Mar 2020 13:39:23 GMT" time="356.439" errors="0">
  <testcase name="campaignBuilderPage_UI_Verification" time="9.318" classname="tests.CampaignTests"/>
  <testcase name="campaign_deletion_With_futureStartDate" time="13.737" classname="tests.CampaignTests"/>
  <testcase name="campaign_deletion_With_externalID" time="13.378" classname="tests.CampaignTests"/>
  <testcase name="campaign_updation_Without_externalID" time="53.048" classname="tests.CampaignTests"/>
  <testcase name="campaign_deletion_With_futureStartDateAndFutureEndDate" time="13.935" classname="tests.CampaignTests"/>
  <testcase name="createCampaignWithPastTime" time="9.537" classname="tests.CampaignTests"/>
  <testcase name="campaign_updation_With_externalID" time="44.829" classname="tests.CampaignTests"/>
  <testcase name="createCampaignWithFutureStartDateAndNeverEndDate" time="19.685" classname="tests.CampaignTests"/>
  <testcase name="campaign_deletion_Without_externalID" time="13.206" classname="tests.CampaignTests"/>
  <testcase name="campaign_Creation_With_externalID" time="19.203" classname="tests.CampaignTests"/>
  <testcase name="updateCampaignWithFutureStartDateAndNeverEndDate" time="46.435" classname="tests.CampaignTests"/>
  <testcase name="createCampaignWithFutureStartDateAndFutureEndDate" time="22.237" classname="tests.CampaignTests"/>
  <testcase name="updateCampaignWithFutureStartDateAndFutureEndDate" time="50.802" classname="tests.CampaignTests"/>
  <testcase name="campaign_Creation_Without_externalID" time="17.843" classname="tests.CampaignTests"/>
  <testcase name="defaultCampaignOwnerValidation" time="9.246" classname="tests.CampaignTests"/>
</testsuite> <!-- tests.CampaignTests -->
