<?xml version="1.0" encoding="UTF-8"?>
<!-- Generated by org.testng.reporters.JUnitReportReporter -->
<testsuite skipped="0" hostname="LAPTOP-Q18VUQ5U" name="tests.CampaignTests" tests="14" failures="0" timestamp="02 Jan 2020 10:18:34 GMT" time="155.728" errors="0">
  <testcase name="campaignBuilderPage_UI_Verification" time="6.155" classname="tests.CampaignTests"/>
  <testcase name="campaign_Creation_Without_externalID" time="12.881" classname="tests.CampaignTests"/>
  <testcase name="campaign_updation_Without_externalID" time="13.245" classname="tests.CampaignTests"/>
  <testcase name="campaign_deletion_Without_externalID" time="5.150" classname="tests.CampaignTests"/>
  <testcase name="campaign_Creation_With_externalID" time="13.534" classname="tests.CampaignTests"/>
  <testcase name="campaign_updation_With_externalID" time="14.093" classname="tests.CampaignTests"/>
  <testcase name="campaign_deletion_With_externalID" time="5.095" classname="tests.CampaignTests"/>
  <testcase name="createCampaignWithFutureStartDateAndNeverEndDate" time="13.312" classname="tests.CampaignTests"/>
  <testcase name="updateCampaignWithFutureStartDateAndNeverEndDate" time="14.402" classname="tests.CampaignTests"/>
  <testcase name="campaign_deletion_With_futureStartDate" time="5.286" classname="tests.CampaignTests"/>
  <testcase name="createCampaignWithFutureStartDateAndFutureEndDate" time="14.102" classname="tests.CampaignTests"/>
  <testcase name="updateCampaignWithFutureStartDateAndFutureEndDate" time="25.211" classname="tests.CampaignTests"/>
  <testcase name="campaign_deletion_With_futureStartDateAndFutureEndDate" time="5.193" classname="tests.CampaignTests"/>
  <testcase name="createCampaignWithPastTime" time="8.069" classname="tests.CampaignTests"/>
</testsuite> <!-- tests.CampaignTests -->
