<?xml version="1.0" encoding="UTF-8"?>
<!-- Generated by org.testng.reporters.JUnitReportReporter -->
<testsuite hostname="LAPTOP-Q18VUQ5U" name="tests.CamapignUIVerificationTest" tests="3" failures="0" timestamp="11 Mar 2020 12:47:53 GMT" time="92.759" errors="0">
  <testcase name="defaultColumnsDisplayed" time="9.590" classname="tests.CamapignUIVerificationTest"/>
  <testcase name="allColumnsDisplayed" time="75.034" classname="tests.CamapignUIVerificationTest"/>
  <testcase name="CampaignAndTrackingNumberPage_UI_Verification" time="8.135" classname="tests.CamapignUIVerificationTest"/>
</testsuite> <!-- tests.CamapignUIVerificationTest -->
