<?xml version="1.0" encoding="UTF-8"?>
<!-- Generated by org.testng.reporters.JUnitReportReporter -->
<testsuite hostname="LAPTOP-Q18VUQ5U" name="tests.CampaignTests" tests="15" failures="0" timestamp="18 Feb 2020 14:14:28 GMT" time="147.431" errors="0">
  <testcase name="campaign_updation_With_externalID" time="11.553" classname="tests.CampaignTests"/>
  <testcase name="campaign_updation_Without_externalID" time="16.190" classname="tests.CampaignTests"/>
  <testcase name="campaign_Creation_Without_externalID" time="12.258" classname="tests.CampaignTests"/>
  <testcase name="campaign_deletion_With_externalID" time="4.919" classname="tests.CampaignTests"/>
  <testcase name="createCampaignWithPastTime" time="8.651" classname="tests.CampaignTests"/>
  <testcase name="campaign_deletion_With_futureStartDate" time="4.143" classname="tests.CampaignTests"/>
  <testcase name="updateCampaignWithFutureStartDateAndFutureEndDate" time="14.158" classname="tests.CampaignTests"/>
  <testcase name="updateCampaignWithFutureStartDateAndNeverEndDate" time="12.558" classname="tests.CampaignTests"/>
  <testcase name="defaultCampaignOwnerValidation" time="6.373" classname="tests.CampaignTests"/>
  <testcase name="campaign_Creation_With_externalID" time="13.511" classname="tests.CampaignTests"/>
  <testcase name="campaignBuilderPage_UI_Verification" time="7.389" classname="tests.CampaignTests"/>
  <testcase name="campaign_deletion_Without_externalID" time="4.431" classname="tests.CampaignTests"/>
  <testcase name="createCampaignWithFutureStartDateAndFutureEndDate" time="13.874" classname="tests.CampaignTests"/>
  <testcase name="createCampaignWithFutureStartDateAndNeverEndDate" time="13.226" classname="tests.CampaignTests"/>
  <testcase name="campaign_deletion_With_futureStartDateAndFutureEndDate" time="4.197" classname="tests.CampaignTests"/>
</testsuite> <!-- tests.CampaignTests -->
