<?xml version="1.0" encoding="UTF-8"?>
<!-- Generated by org.testng.reporters.JUnitReportReporter -->
<testsuite hostname="LAPTOP-Q18VUQ5U" name="tests.CamapignUIVerificationTest" tests="3" failures="0" timestamp="10 Feb 2020 08:35:00 GMT" time="95.618" errors="0">
  <testcase name="CampaignAndTrackingNumberPage_UI_Verification" time="9.172" classname="tests.CamapignUIVerificationTest"/>
  <testcase name="defaultColumnsDisplayed" time="18.446" classname="tests.CamapignUIVerificationTest"/>
  <testcase name="allColumnsDisplayed" time="68.000" classname="tests.CamapignUIVerificationTest"/>
</testsuite> <!-- tests.CamapignUIVerificationTest -->
