<?xml version="1.0" encoding="UTF-8"?>
<!-- Generated by org.testng.reporters.JUnitReportReporter -->
<testsuite hostname="LAPTOP-Q18VUQ5U" name="tests.CampaignTests" tests="15" failures="0" timestamp="20 Feb 2020 11:54:46 GMT" time="220.091" errors="0">
  <testcase name="updateCampaignWithFutureStartDateAndFutureEndDate" time="14.002" classname="tests.CampaignTests"/>
  <testcase name="defaultCampaignOwnerValidation" time="7.633" classname="tests.CampaignTests"/>
  <testcase name="campaign_Creation_With_externalID" time="14.757" classname="tests.CampaignTests"/>
  <testcase name="createCampaignWithPastTime" time="9.015" classname="tests.CampaignTests"/>
  <testcase name="campaign_updation_Without_externalID" time="16.699" classname="tests.CampaignTests"/>
  <testcase name="campaign_deletion_Without_externalID" time="4.559" classname="tests.CampaignTests"/>
  <testcase name="campaignBuilderPage_UI_Verification" time="68.548" classname="tests.CampaignTests"/>
  <testcase name="campaign_deletion_With_futureStartDateAndFutureEndDate" time="4.227" classname="tests.CampaignTests"/>
  <testcase name="createCampaignWithFutureStartDateAndNeverEndDate" time="14.600" classname="tests.CampaignTests"/>
  <testcase name="updateCampaignWithFutureStartDateAndNeverEndDate" time="13.548" classname="tests.CampaignTests"/>
  <testcase name="campaign_updation_With_externalID" time="13.073" classname="tests.CampaignTests"/>
  <testcase name="campaign_deletion_With_externalID" time="4.237" classname="tests.CampaignTests"/>
  <testcase name="campaign_Creation_Without_externalID" time="15.090" classname="tests.CampaignTests"/>
  <testcase name="campaign_deletion_With_futureStartDate" time="4.259" classname="tests.CampaignTests"/>
  <testcase name="createCampaignWithFutureStartDateAndFutureEndDate" time="15.844" classname="tests.CampaignTests"/>
</testsuite> <!-- tests.CampaignTests -->
