<?xml version="1.0" encoding="UTF-8"?>
<!-- Generated by org.testng.reporters.JUnitReportReporter -->
<testsuite hostname="LAPTOP-Q18VUQ5U" name="tests.TrackingNumberTest" tests="9" failures="0" timestamp="28 Feb 2020 15:18:18 GMT" time="270.370" errors="0">
  <testcase name="simpleTrakingNumberUpdation" time="8.301" classname="tests.TrackingNumberTest"/>
  <testcase name="reserveNumberCreation" time="40.272" classname="tests.TrackingNumberTest"/>
  <testcase name="reserveNumberDeletion" time="5.715" classname="tests.TrackingNumberTest"/>
  <testcase name="numberPoolCreation" time="94.187" classname="tests.TrackingNumberTest"/>
  <testcase name="simpleTrakingNumberCreation" time="94.348" classname="tests.TrackingNumberTest"/>
  <testcase name="numberPoolUpdation" time="8.344" classname="tests.TrackingNumberTest"/>
  <testcase name="numberPoolDeletion" time="5.937" classname="tests.TrackingNumberTest"/>
  <testcase name="reserveNumberUpdation" time="7.720" classname="tests.TrackingNumberTest"/>
  <testcase name="simpleTrakingNumberDeletion" time="5.546" classname="tests.TrackingNumberTest"/>
</testsuite> <!-- tests.TrackingNumberTest -->
