<?xml version="1.0" encoding="UTF-8"?>
<!-- Generated by org.testng.reporters.JUnitReportReporter -->
<testsuite skipped="0" hostname="LAPTOP-Q18VUQ5U" name="tests.CampaignTests" tests="8" failures="0" timestamp="28 Nov 2019 05:53:47 GMT" time="84.229" errors="0">
  <testcase name="CampaignAndTrackingNumberPage_UI_Verification" time="12.301" classname="tests.CampaignTests"/>
  <testcase name="campaignBuilderPage_UI_Verification" time="6.949" classname="tests.CampaignTests"/>
  <testcase name="campaign_Creation_Without_externalID" time="12.117" classname="tests.CampaignTests"/>
  <testcase name="campaign_updation_Without_externalID" time="12.694" classname="tests.CampaignTests"/>
  <testcase name="campaign_deletion_Without_externalID" time="5.309" classname="tests.CampaignTests"/>
  <testcase name="campaign_Creation_With_externalID" time="17.557" classname="tests.CampaignTests"/>
  <testcase name="campaign_updation_With_externalID" time="12.867" classname="tests.CampaignTests"/>
  <testcase name="campaign_deletion_With_externalID" time="4.435" classname="tests.CampaignTests"/>
</testsuite> <!-- tests.CampaignTests -->
