<?xml version="1.0" encoding="UTF-8"?>
<!-- Generated by org.testng.reporters.JUnitReportReporter -->
<testsuite hostname="LAPTOP-Q18VUQ5U" name="tests.LoginTest" tests="12" failures="0" timestamp="21 Jan 2020 08:50:51 GMT" time="19.073" errors="0">
  <testcase name="login_with_inactive_user" time="0.655" classname="tests.LoginTest"/>
  <testcase name="login_with_blank_username_and_password" time="0.251" classname="tests.LoginTest"/>
  <testcase name="validLogin" time="1.758" classname="tests.LoginTest"/>
  <testcase name="reset_password" time="1.261" classname="tests.LoginTest"/>
  <testcase name="login_with_blank_username" time="0.537" classname="tests.LoginTest"/>
  <testcase name="next_button_with_no_email_ID" time="0.395" classname="tests.LoginTest"/>
  <testcase name="login_with_invalidate_cred" time="2.019" classname="tests.LoginTest"/>
  <testcase name="UIVerification_forgot_passowrd_page" time="3.383" classname="tests.LoginTest"/>
  <testcase name="login_with_deleted_user" time="0.741" classname="tests.LoginTest"/>
  <testcase name="rememeber_me_functinonality" time="6.403" classname="tests.LoginTest"/>
  <testcase name="login_page_UI_Verification" time="1.031" classname="tests.LoginTest"/>
  <testcase name="login_with_blank_password" time="0.639" classname="tests.LoginTest"/>
</testsuite> <!-- tests.LoginTest -->
