<?xml version="1.0" encoding="UTF-8"?>
<!-- Generated by org.testng.reporters.JUnitReportReporter -->
<testsuite hostname="LAPTOP-Q18VUQ5U" name="tests.LoginTest" tests="12" failures="0" timestamp="27 Mar 2020 07:35:01 GMT" time="29.048" errors="0">
  <testcase name="UIVerification_forgot_passowrd_page" time="3.105" classname="tests.LoginTest"/>
  <testcase name="login_with_invalidate_cred" time="5.043" classname="tests.LoginTest"/>
  <testcase name="login_with_blank_username" time="0.455" classname="tests.LoginTest"/>
  <testcase name="reset_password" time="1.692" classname="tests.LoginTest"/>
  <testcase name="login_page_UI_Verification" time="2.092" classname="tests.LoginTest"/>
  <testcase name="login_with_deleted_user" time="1.141" classname="tests.LoginTest"/>
  <testcase name="login_with_blank_password" time="0.423" classname="tests.LoginTest"/>
  <testcase name="login_with_blank_username_and_password" time="0.274" classname="tests.LoginTest"/>
  <testcase name="rememeber_me_functinonality" time="11.558" classname="tests.LoginTest"/>
  <testcase name="validLogin" time="2.227" classname="tests.LoginTest"/>
  <testcase name="next_button_with_no_email_ID" time="0.412" classname="tests.LoginTest"/>
  <testcase name="login_with_inactive_user" time="0.626" classname="tests.LoginTest"/>
</testsuite> <!-- tests.LoginTest -->
