<?xml version="1.0" encoding="UTF-8"?>
<!-- Generated by org.testng.reporters.JUnitReportReporter -->
<testsuite hostname="LAPTOP-Q18VUQ5U" name="tests.HomeTest" tests="2" failures="0" timestamp="23 Jan 2020 12:09:56 GMT" time="52.025" errors="0">
  <testcase name="tiles_count_verification_UI" time="7.346" classname="tests.HomeTest"/>
  <testcase name="ui_verification" time="44.679" classname="tests.HomeTest"/>
</testsuite> <!-- tests.HomeTest -->
