<?xml version="1.0" encoding="UTF-8"?>
<!-- Generated by org.testng.reporters.JUnitReportReporter -->
<testsuite skipped="0" hostname="LAPTOP-Q18VUQ5U" name="tests.CampaignTests" tests="15" failures="0" timestamp="24 Dec 2019 12:30:21 GMT" time="145.370" errors="0">
  <testcase name="CampaignAndTrackingNumberPage_UI_Verification" time="10.072" classname="tests.CampaignTests"/>
  <testcase name="campaignBuilderPage_UI_Verification" time="6.245" classname="tests.CampaignTests"/>
  <testcase name="campaign_Creation_Without_externalID" time="11.596" classname="tests.CampaignTests"/>
  <testcase name="campaign_updation_Without_externalID" time="12.187" classname="tests.CampaignTests"/>
  <testcase name="campaign_deletion_Without_externalID" time="5.432" classname="tests.CampaignTests"/>
  <testcase name="campaign_Creation_With_externalID" time="13.376" classname="tests.CampaignTests"/>
  <testcase name="campaign_updation_With_externalID" time="12.360" classname="tests.CampaignTests"/>
  <testcase name="campaign_deletion_With_externalID" time="5.036" classname="tests.CampaignTests"/>
  <testcase name="createCampaignWithFutureStartDateAndNeverEndDate" time="11.794" classname="tests.CampaignTests"/>
  <testcase name="updateCampaignWithFutureStartDateAndNeverEndDate" time="13.397" classname="tests.CampaignTests"/>
  <testcase name="campaign_deletion_With_futureStartDate" time="5.101" classname="tests.CampaignTests"/>
  <testcase name="createCampaignWithFutureStartDateAndFutureEndDate" time="12.689" classname="tests.CampaignTests"/>
  <testcase name="updateCampaignWithFutureStartDateAndFutureEndDate" time="14.300" classname="tests.CampaignTests"/>
  <testcase name="campaign_deletion_With_futureStartDateAndFutureEndDate" time="4.218" classname="tests.CampaignTests"/>
  <testcase name="createCampaignWithPastTime" time="7.567" classname="tests.CampaignTests"/>
</testsuite> <!-- tests.CampaignTests -->
