<?xml version="1.0" encoding="UTF-8"?>
<!-- Generated by org.testng.reporters.JUnitReportReporter -->
<testsuite hostname="LAPTOP-Q18VUQ5U" name="tests.TrackingNumberTest" tests="1" failures="0" timestamp="29 Jan 2020 15:46:13 GMT" time="88.032" errors="0">
  <testcase name="trakingNumberCreation" time="88.032" classname="tests.TrackingNumberTest"/>
</testsuite> <!-- tests.TrackingNumberTest -->
