<?xml version="1.0" encoding="UTF-8"?>
<!-- Generated by org.testng.reporters.JUnitReportReporter -->
<testsuite hostname="LAPTOP-Q18VUQ5U" name="tests.TrackingNumberTest" tests="22" failures="0" timestamp="11 Mar 2020 12:47:53 GMT" time="918.645" errors="0">
  <testcase name="reserveNumberUpdation" time="7.584" classname="tests.TrackingNumberTest"/>
  <testcase name="reserveNumberCreation" time="22.820" classname="tests.TrackingNumberTest"/>
  <testcase name="hangupTrakingNumberCreation" time="67.654" classname="tests.TrackingNumberTest"/>
  <testcase name="percentTrakingNumberCreation" time="84.341" classname="tests.TrackingNumberTest"/>
  <testcase name="percentTrakingNumberDeletion" time="6.922" classname="tests.TrackingNumberTest"/>
  <testcase name="scheduleTrakingNumberDeletion" time="6.922" classname="tests.TrackingNumberTest"/>
  <testcase name="simpleTrakingNumberUpdation" time="8.083" classname="tests.TrackingNumberTest"/>
  <testcase name="numberPoolDeletion" time="6.953" classname="tests.TrackingNumberTest"/>
  <testcase name="numberPoolUpdation" time="8.191" classname="tests.TrackingNumberTest"/>
  <testcase name="voicemailTrakingNumberDeletion" time="13.837" classname="tests.TrackingNumberTest"/>
  <testcase name="simpleTrakingNumberCreation" time="84.466" classname="tests.TrackingNumberTest"/>
  <testcase name="voicemailTrakingNumberCreation" time="68.027" classname="tests.TrackingNumberTest"/>
  <testcase name="reserveNumberDeletion" time="6.880" classname="tests.TrackingNumberTest"/>
  <testcase name="GeoRouteTrakingNumberDeletion" time="7.038" classname="tests.TrackingNumberTest"/>
  <testcase name="hangupTrakingNumberDeletion" time="12.949" classname="tests.TrackingNumberTest"/>
  <testcase name="numberPoolCreation" time="95.815" classname="tests.TrackingNumberTest"/>
  <testcase name="simpleTrakingNumberDeletion" time="6.787" classname="tests.TrackingNumberTest"/>
  <testcase name="outboundTrakingNumberCreation" time="73.573" classname="tests.TrackingNumberTest"/>
  <testcase name="outboundTrakingNumberDeletion" time="11.995" classname="tests.TrackingNumberTest"/>
  <testcase name="trakingNumberPageUIVerification" time="146.726" classname="tests.TrackingNumberTest"/>
  <testcase name="GeoRouteTrakingNumberCreation" time="84.864" classname="tests.TrackingNumberTest"/>
  <testcase name="scheduleTrakingNumberCreation" time="86.218" classname="tests.TrackingNumberTest"/>
</testsuite> <!-- tests.TrackingNumberTest -->
