<?xml version="1.0" encoding="UTF-8"?>
<!-- Generated by org.testng.reporters.JUnitReportReporter -->
<testsuite skipped="0" hostname="LAPTOP-Q18VUQ5U" name="tests.CampaignTests" tests="3" failures="0" timestamp="11 Dec 2019 15:46:44 GMT" time="66.674" errors="0">
  <testcase name="createCampaignWithFutureStartDateAndFutureEndDate" time="30.103" classname="tests.CampaignTests"/>
  <testcase name="updateCampaignWithFutureStartDateAndFutureEndDate" time="20.990" classname="tests.CampaignTests"/>
  <testcase name="campaign_deletion_With_futureStartDateAndFutureEndDate" time="15.581" classname="tests.CampaignTests"/>
</testsuite> <!-- tests.CampaignTests -->
