<?xml version="1.0" encoding="UTF-8"?>
<!-- Generated by org.testng.reporters.JUnitReportReporter -->
<testsuite hostname="LAPTOP-Q18VUQ5U" name="tests.HomeTest" tests="2" failures="0" timestamp="21 Jan 2020 08:50:51 GMT" time="53.107" errors="0">
  <testcase name="tiles_count_verification_UI" time="7.878" classname="tests.HomeTest"/>
  <testcase name="ui_verification" time="45.229" classname="tests.HomeTest"/>
</testsuite> <!-- tests.HomeTest -->
