<?xml version="1.0" encoding="UTF-8"?>
<!-- Generated by org.testng.reporters.JUnitReportReporter -->
<testsuite hostname="LAPTOP-Q18VUQ5U" name="tests.TrackingNumberTest" tests="1" failures="0" timestamp="2 Mar 2020 09:54:19 GMT" time="117.717" errors="0">
  <testcase name="trakingNumberPageUIVerification" time="117.717" classname="tests.TrackingNumberTest"/>
</testsuite> <!-- tests.TrackingNumberTest -->
