<?xml version="1.0" encoding="UTF-8"?>
<!-- Generated by org.testng.reporters.JUnitReportReporter -->
<testsuite skipped="0" hostname="LAPTOP-Q18VUQ5U" name="tests.LoginTest" tests="12" failures="0" timestamp="10 Jan 2020 09:27:49 GMT" time="21.875" errors="0">
  <testcase name="login_page_UI_Verification" time="0.764" classname="tests.LoginTest"/>
  <testcase name="login_with_invalidate_cred" time="2.189" classname="tests.LoginTest"/>
  <testcase name="login_with_blank_username" time="0.550" classname="tests.LoginTest"/>
  <testcase name="login_with_blank_password" time="0.727" classname="tests.LoginTest"/>
  <testcase name="login_with_inactive_user" time="0.779" classname="tests.LoginTest"/>
  <testcase name="login_with_deleted_user" time="1.020" classname="tests.LoginTest"/>
  <testcase name="login_with_blank_username_and_password" time="0.329" classname="tests.LoginTest"/>
  <testcase name="UIVerification_forgot_passowrd_page" time="3.807" classname="tests.LoginTest"/>
  <testcase name="next_button_with_no_email_ID" time="1.293" classname="tests.LoginTest"/>
  <testcase name="reset_password" time="1.223" classname="tests.LoginTest"/>
  <testcase name="rememeber_me_functinonality" time="7.077" classname="tests.LoginTest"/>
  <testcase name="validLogin" time="2.117" classname="tests.LoginTest"/>
</testsuite> <!-- tests.LoginTest -->
