<?xml version="1.0" encoding="UTF-8"?>
<!-- Generated by org.testng.reporters.JUnitReportReporter -->
<testsuite skipped="0" hostname="LAPTOP-Q18VUQ5U" name="tests.LoginTest" tests="12" failures="0" timestamp="10 Jan 2020 08:36:16 GMT" time="18.282" errors="0">
  <testcase name="login_page_UI_Verification" time="0.521" classname="tests.LoginTest"/>
  <testcase name="login_with_invalidate_cred" time="1.895" classname="tests.LoginTest"/>
  <testcase name="login_with_blank_username" time="0.442" classname="tests.LoginTest"/>
  <testcase name="login_with_blank_password" time="0.471" classname="tests.LoginTest"/>
  <testcase name="login_with_inactive_user" time="0.599" classname="tests.LoginTest"/>
  <testcase name="login_with_deleted_user" time="0.700" classname="tests.LoginTest"/>
  <testcase name="login_with_blank_username_and_password" time="0.272" classname="tests.LoginTest"/>
  <testcase name="UIVerification_forgot_passowrd_page" time="3.362" classname="tests.LoginTest"/>
  <testcase name="next_button_with_no_email_ID" time="0.871" classname="tests.LoginTest"/>
  <testcase name="reset_password" time="1.171" classname="tests.LoginTest"/>
  <testcase name="rememeber_me_functinonality" time="6.241" classname="tests.LoginTest"/>
  <testcase name="validLogin" time="1.737" classname="tests.LoginTest"/>
</testsuite> <!-- tests.LoginTest -->
