<?xml version="1.0" encoding="UTF-8"?>
<!-- Generated by org.testng.reporters.JUnitReportReporter -->
<testsuite hostname="LAPTOP-Q18VUQ5U" name="tests.CallLogsTest" tests="21" failures="0" timestamp="6 May 2020 11:11:12 GMT" time="303.174" errors="0">
  <testcase name="tableColumnsTest" time="25.419" classname="tests.CallLogsTest"/>
  <testcase name="detailedViewUIVerificationTest" time="9.888" classname="tests.CallLogsTest"/>
  <testcase name="gearIconOptionsVerification" time="6.403" classname="tests.CallLogsTest"/>
  <testcase name="presenceOfUniqueCallsGraph" time="0.125" classname="tests.CallLogsTest"/>
  <testcase name="totalLeadsTileValueVerification" time="8.068" classname="tests.CallLogsTest"/>
  <testcase name="totalCallsTileValueVerification" time="9.887" classname="tests.CallLogsTest"/>
  <testcase name="headerLabelVerification" time="16.315" classname="tests.CallLogsTest"/>
  <testcase name="tilesVerification" time="16.554" classname="tests.CallLogsTest"/>
  <testcase name="presenceOfGearIconVerification" time="0.148" classname="tests.CallLogsTest"/>
  <testcase name="presenceOfTotalCallsGraph" time="0.939" classname="tests.CallLogsTest"/>
  <testcase name="totalConversionTileValueVerification" time="8.793" classname="tests.CallLogsTest"/>
  <testcase name="presenceOfDetailedViewTileTest" time="2.223" classname="tests.CallLogsTest"/>
  <testcase name="answeredCallsTileValueVerification" time="6.612" classname="tests.CallLogsTest"/>
  <testcase name="presenceOfTimeZoneVerification" time="0.575" classname="tests.CallLogsTest"/>
  <testcase name="averageCallsDurationTileValueVerification" time="8.078" classname="tests.CallLogsTest"/>
  <testcase name="filterButtonElementsTest" time="28.873" classname="tests.CallLogsTest"/>
  <testcase name="filterButtonTest" time="0.170" classname="tests.CallLogsTest"/>
  <testcase name="footerNoteTest" time="0.429" classname="tests.CallLogsTest"/>
  <testcase name="filterFeatureForCampaignTest" time="70.447" classname="tests.CallLogsTest"/>
  <testcase name="filterFeatureForGroupTest" time="73.248" classname="tests.CallLogsTest"/>
  <testcase name="uniqueCallsTileValueVerification" time="9.980" classname="tests.CallLogsTest"/>
</testsuite> <!-- tests.CallLogsTest -->
