<?xml version="1.0" encoding="UTF-8"?>
<!-- Generated by org.testng.reporters.JUnitReportReporter -->
<testsuite skipped="0" hostname="LAPTOP-Q18VUQ5U" name="tests.CampaignTests" tests="8" failures="0" timestamp="27 Nov 2019 13:51:00 GMT" time="84.937" errors="0">
  <testcase name="CampaignAndTrackingNumberPage_UI_Verification" time="11.987" classname="tests.CampaignTests"/>
  <testcase name="campaignBuilderPage_UI_Verification" time="6.979" classname="tests.CampaignTests"/>
  <testcase name="campaign_Creation_Without_externalID" time="12.196" classname="tests.CampaignTests"/>
  <testcase name="campaign_updation_Without_externalID" time="12.856" classname="tests.CampaignTests"/>
  <testcase name="campaign_deletion_Without_externalID" time="5.444" classname="tests.CampaignTests"/>
  <testcase name="campaign_Creation_With_externalID" time="17.696" classname="tests.CampaignTests"/>
  <testcase name="campaign_updation_With_externalID" time="13.364" classname="tests.CampaignTests"/>
  <testcase name="campaign_deletion_With_externalID" time="4.415" classname="tests.CampaignTests"/>
</testsuite> <!-- tests.CampaignTests -->
