<?xml version="1.0" encoding="UTF-8"?>
<!-- Generated by org.testng.reporters.JUnitReportReporter -->
<testsuite hostname="LAPTOP-Q18VUQ5U" name="tests.TrackingNumberTest" tests="1" failures="0" timestamp="18 Feb 2020 14:14:28 GMT" time="122.045" errors="0">
  <testcase name="trakingNumberPageUIVerification" time="122.045" classname="tests.TrackingNumberTest"/>
</testsuite> <!-- tests.TrackingNumberTest -->
