<?xml version="1.0" encoding="UTF-8"?>
<!-- Generated by org.testng.reporters.JUnitReportReporter -->
<testsuite skipped="0" hostname="LAPTOP-Q18VUQ5U" name="tests.CampaignTests" tests="14" failures="0" timestamp="03 Jan 2020 11:25:53 GMT" time="143.680" errors="0">
  <testcase name="campaignBuilderPage_UI_Verification" time="6.047" classname="tests.CampaignTests"/>
  <testcase name="campaign_Creation_Without_externalID" time="14.374" classname="tests.CampaignTests"/>
  <testcase name="campaign_updation_Without_externalID" time="13.079" classname="tests.CampaignTests"/>
  <testcase name="campaign_deletion_Without_externalID" time="4.900" classname="tests.CampaignTests"/>
  <testcase name="campaign_Creation_With_externalID" time="12.833" classname="tests.CampaignTests"/>
  <testcase name="campaign_updation_With_externalID" time="13.355" classname="tests.CampaignTests"/>
  <testcase name="campaign_deletion_With_externalID" time="4.873" classname="tests.CampaignTests"/>
  <testcase name="createCampaignWithFutureStartDateAndNeverEndDate" time="13.721" classname="tests.CampaignTests"/>
  <testcase name="updateCampaignWithFutureStartDateAndNeverEndDate" time="14.273" classname="tests.CampaignTests"/>
  <testcase name="campaign_deletion_With_futureStartDate" time="5.218" classname="tests.CampaignTests"/>
  <testcase name="createCampaignWithFutureStartDateAndFutureEndDate" time="13.385" classname="tests.CampaignTests"/>
  <testcase name="updateCampaignWithFutureStartDateAndFutureEndDate" time="15.160" classname="tests.CampaignTests"/>
  <testcase name="campaign_deletion_With_futureStartDateAndFutureEndDate" time="4.917" classname="tests.CampaignTests"/>
  <testcase name="createCampaignWithPastTime" time="7.545" classname="tests.CampaignTests"/>
</testsuite> <!-- tests.CampaignTests -->
