<?xml version="1.0" encoding="UTF-8"?>
<!-- Generated by org.testng.reporters.JUnitReportReporter -->
<testsuite hostname="LAPTOP-Q18VUQ5U" name="tests.CamapignUIVerificationTest" tests="1" failures="0" timestamp="23 Jan 2020 12:09:56 GMT" time="10.145" errors="0">
  <testcase name="CampaignAndTrackingNumberPage_UI_Verification" time="10.145" classname="tests.CamapignUIVerificationTest"/>
</testsuite> <!-- tests.CamapignUIVerificationTest -->
