<?xml version="1.0" encoding="UTF-8"?>
<!-- Generated by org.testng.reporters.JUnitReportReporter -->
<testsuite hostname="LAPTOP-Q18VUQ5U" name="tests.CallDetailReportTest" tests="10" failures="0" timestamp="21 Mar 2020 14:46:12 GMT" time="147.667" errors="0">
  <testcase name="paginationUI" time="0.351" classname="tests.CallDetailReportTest"/>
  <testcase name="paginationCount" time="2.649" classname="tests.CallDetailReportTest"/>
  <testcase name="defaultColumnPickerOptions" time="25.749" classname="tests.CallDetailReportTest"/>
  <testcase name="uiVerification" time="8.477" classname="tests.CallDetailReportTest"/>
  <testcase name="advancedFilterUI" time="43.203" classname="tests.CallDetailReportTest"/>
  <testcase name="columnPickerFeature" time="44.724" classname="tests.CallDetailReportTest"/>
  <testcase name="tableCount" time="1.401" classname="tests.CallDetailReportTest"/>
  <testcase name="defaultColumnsDisplayed" time="9.521" classname="tests.CallDetailReportTest"/>
  <testcase name="allColumnPickerCheckboxesClickable" time="3.549" classname="tests.CallDetailReportTest"/>
  <testcase name="filterForCampaign" time="8.043" classname="tests.CallDetailReportTest"/>
</testsuite> <!-- tests.CallDetailReportTest -->
