<?xml version="1.0" encoding="UTF-8"?>
<!-- Generated by org.testng.reporters.JUnitReportReporter -->
<testsuite hostname="LAPTOP-Q18VUQ5U" name="reservenumber.GetNumber"
	tests="1" failures="0" timestamp="25 Feb 2020 09:39:48 GMT" time="13.361"
	errors="0">
	<testcase name="getNumberToReserve" time="13.361"
		classname="reservenumber.GetNumber" />
</testsuite> <!-- reservenumber.GetNumber -->
