<?xml version="1.0" encoding="UTF-8"?>
<!-- Generated by org.testng.reporters.JUnitXMLReporter -->
<testsuite hostname="LAPTOP-Q18VUQ5U" ignored="3" name="test-Campaign"
	tests="5" failures="0" timestamp="27 Dec 2019 11:20:20 GMT" time="77.28"
	errors="0">
	<testcase name="login" time="12.056" classname="tests.LoginTest" />
	<testcase name="start" time="1.549" classname="tests.CamapignUIVerificationTest" />
	<testcase name="CampaignAndTrackingNumberPage_UI_Verification"
		time="8.243" classname="tests.CamapignUIVerificationTest" />
	<testcase name="campaignBuilderPage_UI_Verification" time="5.584"
		classname="tests.CamapignUIVerificationTest" />
	<testcase name="end" time="1.472" classname="tests.CamapignUIVerificationTest" />
	<testcase name="@BeforeTest setUp" time="0.0" classname="tests.TestBase">
		<ignored />
	</testcase> <!-- @BeforeTest setUp -->
	<testcase name="@AfterTest tearDown" time="0.0" classname="tests.TestBase">
		<ignored />
	</testcase> <!-- @AfterTest tearDown -->
	<testcase name="@AfterSuite close_connection" time="0.0"
		classname="tests.TestBase">
		<ignored />
	</testcase> <!-- @AfterSuite close_connection -->
</testsuite> <!-- test-Campaign -->
